TN:
SF:node_modules\karma-ui5\dist\browser-bundle.js
FN:2,(anonymous_0)
FN:2,(anonymous_1)
FN:2,(anonymous_2)
FN:2,n
FN:2,r
FN:2,t
FN:2,(anonymous_6)
FN:2,(anonymous_7)
FN:2,(anonymous_8)
FN:2,(anonymous_9)
FN:2,(anonymous_10)
FN:2,(anonymous_11)
FN:2,(anonymous_12)
FN:2,(anonymous_13)
FN:2,(anonymous_14)
FN:2,(anonymous_15)
FN:2,(anonymous_16)
FN:2,(anonymous_17)
FN:2,(anonymous_18)
FN:2,(anonymous_19)
FN:2,(anonymous_20)
FN:2,(anonymous_21)
FN:2,(anonymous_22)
FN:2,(anonymous_23)
FN:2,(anonymous_24)
FN:2,(anonymous_25)
FN:2,(anonymous_26)
FN:2,(anonymous_27)
FN:2,(anonymous_28)
FN:2,(anonymous_29)
FN:2,(anonymous_30)
FN:2,(anonymous_31)
FN:2,(anonymous_32)
FN:2,t
FN:2,(anonymous_34)
FN:2,(anonymous_35)
FN:2,t
FN:2,(anonymous_37)
FN:2,(anonymous_38)
FN:2,(anonymous_39)
FN:2,(anonymous_40)
FN:2,(anonymous_41)
FN:2,(anonymous_42)
FN:2,(anonymous_43)
FN:2,(anonymous_44)
FN:2,(anonymous_45)
FN:2,(anonymous_46)
FN:2,(anonymous_47)
FN:2,(anonymous_48)
FN:2,(anonymous_49)
FN:2,(anonymous_50)
FN:2,(anonymous_51)
FN:2,(anonymous_52)
FN:2,(anonymous_53)
FN:2,(anonymous_54)
FN:2,(anonymous_55)
FN:2,(anonymous_56)
FN:2,(anonymous_57)
FN:2,(anonymous_58)
FN:2,(anonymous_59)
FN:2,(anonymous_60)
FN:2,(anonymous_61)
FN:2,(anonymous_62)
FN:2,(anonymous_63)
FN:2,(anonymous_64)
FN:2,(anonymous_65)
FN:2,(anonymous_66)
FN:2,(anonymous_67)
FN:2,(anonymous_68)
FN:2,(anonymous_69)
FN:2,(anonymous_70)
FN:2,(anonymous_71)
FN:2,(anonymous_72)
FN:2,(anonymous_73)
FN:2,(anonymous_74)
FN:2,(anonymous_75)
FN:2,(anonymous_76)
FN:2,(anonymous_77)
FN:2,(anonymous_78)
FN:2,(anonymous_79)
FN:2,(anonymous_80)
FN:2,(anonymous_81)
FN:2,(anonymous_82)
FN:2,(anonymous_83)
FN:2,(anonymous_84)
FN:2,(anonymous_85)
FN:2,(anonymous_86)
FN:2,(anonymous_87)
FN:2,(anonymous_88)
FN:2,(anonymous_89)
FN:2,(anonymous_90)
FN:2,(anonymous_91)
FN:2,(anonymous_92)
FN:2,(anonymous_93)
FN:2,(anonymous_94)
FN:2,(anonymous_95)
FN:2,(anonymous_96)
FN:2,(anonymous_97)
FN:2,(anonymous_98)
FN:2,(anonymous_99)
FN:2,(anonymous_100)
FN:2,(anonymous_101)
FN:2,t
FN:2,(anonymous_103)
FN:2,(anonymous_104)
FN:2,(anonymous_105)
FN:2,(anonymous_106)
FN:2,(anonymous_107)
FN:2,(anonymous_108)
FN:2,(anonymous_109)
FN:2,(anonymous_110)
FN:2,(anonymous_111)
FN:2,(anonymous_112)
FN:2,(anonymous_113)
FN:2,(anonymous_114)
FN:2,(anonymous_115)
FN:2,(anonymous_116)
FN:2,(anonymous_117)
FN:2,(anonymous_118)
FN:2,(anonymous_119)
FN:2,(anonymous_120)
FN:2,(anonymous_121)
FN:2,(anonymous_122)
FN:2,(anonymous_123)
FN:2,(anonymous_124)
FN:2,(anonymous_125)
FN:2,(anonymous_126)
FN:2,(anonymous_127)
FN:2,(anonymous_128)
FN:2,(anonymous_129)
FN:2,(anonymous_130)
FN:2,(anonymous_131)
FN:2,(anonymous_132)
FN:2,(anonymous_133)
FN:2,(anonymous_134)
FN:2,(anonymous_135)
FN:2,(anonymous_136)
FN:2,(anonymous_137)
FN:2,(anonymous_138)
FN:2,(anonymous_139)
FN:2,(anonymous_140)
FN:2,(anonymous_141)
FN:2,(anonymous_142)
FN:2,(anonymous_143)
FN:2,(anonymous_144)
FN:2,(anonymous_145)
FN:2,(anonymous_146)
FN:2,(anonymous_147)
FN:2,(anonymous_148)
FN:2,(anonymous_149)
FN:2,(anonymous_150)
FN:2,(anonymous_151)
FN:2,(anonymous_152)
FN:2,(anonymous_153)
FN:2,(anonymous_154)
FN:2,(anonymous_155)
FN:2,(anonymous_156)
FN:2,(anonymous_157)
FN:2,(anonymous_158)
FN:2,(anonymous_159)
FN:2,(anonymous_160)
FN:2,(anonymous_161)
FN:2,(anonymous_162)
FN:2,(anonymous_163)
FN:2,(anonymous_164)
FN:2,(anonymous_165)
FN:2,(anonymous_166)
FN:2,(anonymous_167)
FN:2,(anonymous_168)
FN:2,(anonymous_169)
FN:2,(anonymous_170)
FN:2,(anonymous_171)
FN:2,(anonymous_172)
FN:2,(anonymous_173)
FN:2,(anonymous_174)
FN:2,(anonymous_175)
FN:2,(anonymous_176)
FN:2,(anonymous_177)
FN:2,(anonymous_178)
FN:2,(anonymous_179)
FN:2,(anonymous_180)
FN:2,(anonymous_181)
FN:2,(anonymous_182)
FN:2,(anonymous_183)
FN:2,(anonymous_184)
FN:2,(anonymous_185)
FN:2,(anonymous_186)
FN:2,(anonymous_187)
FN:2,(anonymous_188)
FN:2,(anonymous_189)
FN:2,(anonymous_190)
FN:2,(anonymous_191)
FN:2,(anonymous_192)
FN:2,(anonymous_193)
FN:2,(anonymous_194)
FN:2,(anonymous_195)
FN:2,(anonymous_196)
FN:2,(anonymous_197)
FN:2,(anonymous_198)
FN:2,(anonymous_199)
FN:2,(anonymous_200)
FN:2,(anonymous_201)
FN:2,(anonymous_202)
FN:2,(anonymous_203)
FN:2,(anonymous_204)
FN:2,(anonymous_205)
FN:2,(anonymous_206)
FN:2,(anonymous_207)
FN:2,(anonymous_208)
FN:2,(anonymous_209)
FN:2,(anonymous_210)
FN:2,(anonymous_211)
FN:2,(anonymous_212)
FN:2,(anonymous_213)
FN:2,(anonymous_214)
FN:2,(anonymous_215)
FN:2,(anonymous_216)
FN:2,(anonymous_217)
FN:2,(anonymous_218)
FN:2,(anonymous_219)
FN:2,(anonymous_220)
FN:2,(anonymous_221)
FN:2,(anonymous_222)
FN:2,(anonymous_223)
FN:2,(anonymous_224)
FN:2,(anonymous_225)
FN:2,(anonymous_226)
FN:2,(anonymous_227)
FN:2,(anonymous_228)
FN:2,(anonymous_229)
FN:2,(anonymous_230)
FN:2,(anonymous_231)
FN:2,(anonymous_232)
FN:2,(anonymous_233)
FN:2,(anonymous_234)
FN:2,(anonymous_235)
FN:2,(anonymous_236)
FN:2,(anonymous_237)
FN:2,(anonymous_238)
FN:2,(anonymous_239)
FN:2,(anonymous_240)
FN:2,(anonymous_241)
FN:2,(anonymous_242)
FN:2,(anonymous_243)
FN:2,(anonymous_244)
FN:2,(anonymous_245)
FN:2,(anonymous_246)
FN:2,(anonymous_247)
FN:2,(anonymous_248)
FN:2,(anonymous_249)
FN:2,(anonymous_250)
FN:2,(anonymous_251)
FN:2,(anonymous_252)
FN:2,(anonymous_253)
FN:2,(anonymous_254)
FN:2,(anonymous_255)
FN:2,(anonymous_256)
FN:2,(anonymous_257)
FN:2,(anonymous_258)
FN:2,(anonymous_259)
FN:2,(anonymous_260)
FN:2,(anonymous_261)
FN:2,(anonymous_262)
FN:2,(anonymous_263)
FN:2,(anonymous_264)
FN:2,(anonymous_265)
FN:2,(anonymous_266)
FN:2,(anonymous_267)
FN:2,(anonymous_268)
FN:2,(anonymous_269)
FN:2,(anonymous_270)
FN:2,(anonymous_271)
FN:2,(anonymous_272)
FN:2,(anonymous_273)
FN:2,(anonymous_274)
FN:2,(anonymous_275)
FN:2,(anonymous_276)
FN:2,(anonymous_277)
FN:2,(anonymous_278)
FN:2,(anonymous_279)
FN:2,(anonymous_280)
FN:2,(anonymous_281)
FN:2,(anonymous_282)
FN:2,(anonymous_283)
FN:2,(anonymous_284)
FN:2,(anonymous_285)
FN:2,(anonymous_286)
FN:2,(anonymous_287)
FN:2,(anonymous_288)
FN:2,(anonymous_289)
FN:2,(anonymous_290)
FN:2,(anonymous_291)
FN:2,(anonymous_292)
FN:2,(anonymous_293)
FN:2,(anonymous_294)
FN:2,(anonymous_295)
FN:2,(anonymous_296)
FN:2,(anonymous_297)
FN:2,(anonymous_298)
FN:2,(anonymous_299)
FN:2,(anonymous_300)
FN:2,(anonymous_301)
FN:2,(anonymous_302)
FN:2,(anonymous_303)
FN:2,(anonymous_304)
FN:2,(anonymous_305)
FN:2,(anonymous_306)
FN:2,(anonymous_307)
FN:2,(anonymous_308)
FN:2,(anonymous_309)
FN:2,(anonymous_310)
FN:2,(anonymous_311)
FN:2,(anonymous_312)
FN:2,(anonymous_313)
FN:2,(anonymous_314)
FN:2,(anonymous_315)
FN:2,(anonymous_316)
FN:2,(anonymous_317)
FN:2,(anonymous_318)
FN:2,(anonymous_319)
FN:2,(anonymous_320)
FN:2,(anonymous_321)
FN:2,(anonymous_322)
FN:2,(anonymous_323)
FN:2,(anonymous_324)
FN:2,(anonymous_325)
FN:2,(anonymous_326)
FN:2,(anonymous_327)
FN:2,(anonymous_328)
FN:2,(anonymous_329)
FN:2,(anonymous_330)
FN:2,(anonymous_331)
FN:2,(anonymous_332)
FN:2,(anonymous_333)
FN:2,(anonymous_334)
FN:2,(anonymous_335)
FN:2,(anonymous_336)
FN:2,(anonymous_337)
FN:2,(anonymous_338)
FN:2,(anonymous_339)
FN:2,(anonymous_340)
FN:2,(anonymous_341)
FN:2,(anonymous_342)
FN:2,(anonymous_343)
FN:2,(anonymous_344)
FN:2,(anonymous_345)
FN:2,(anonymous_346)
FN:2,(anonymous_347)
FN:2,(anonymous_348)
FN:2,(anonymous_349)
FN:2,(anonymous_350)
FN:2,(anonymous_351)
FN:2,(anonymous_352)
FN:2,(anonymous_353)
FN:2,(anonymous_354)
FN:2,(anonymous_355)
FN:2,(anonymous_356)
FN:2,(anonymous_357)
FN:2,(anonymous_358)
FN:2,(anonymous_359)
FN:2,(anonymous_360)
FN:2,(anonymous_361)
FN:2,(anonymous_362)
FN:2,(anonymous_363)
FN:2,(anonymous_364)
FN:2,(anonymous_365)
FN:2,(anonymous_366)
FN:2,(anonymous_367)
FN:2,(anonymous_368)
FN:2,(anonymous_369)
FN:2,(anonymous_370)
FN:2,(anonymous_371)
FN:2,(anonymous_372)
FN:2,(anonymous_373)
FN:2,(anonymous_374)
FN:2,(anonymous_375)
FN:2,(anonymous_376)
FN:2,(anonymous_377)
FN:2,(anonymous_378)
FN:2,(anonymous_379)
FN:2,(anonymous_380)
FN:2,(anonymous_381)
FN:2,(anonymous_382)
FN:2,(anonymous_383)
FN:2,(anonymous_384)
FN:2,(anonymous_385)
FN:2,(anonymous_386)
FN:2,(anonymous_387)
FN:2,(anonymous_388)
FN:2,(anonymous_389)
FN:2,(anonymous_390)
FN:2,(anonymous_391)
FN:2,(anonymous_392)
FN:2,(anonymous_393)
FN:2,(anonymous_394)
FN:2,(anonymous_395)
FN:2,(anonymous_396)
FN:2,(anonymous_397)
FN:2,(anonymous_398)
FN:2,(anonymous_399)
FN:2,(anonymous_400)
FN:2,(anonymous_401)
FN:2,(anonymous_402)
FN:2,(anonymous_403)
FN:2,(anonymous_404)
FN:2,(anonymous_405)
FN:2,(anonymous_406)
FN:2,(anonymous_407)
FN:2,(anonymous_408)
FN:2,(anonymous_409)
FN:2,(anonymous_410)
FN:2,(anonymous_411)
FN:2,(anonymous_412)
FN:2,(anonymous_413)
FN:2,(anonymous_414)
FN:2,(anonymous_415)
FN:2,(anonymous_416)
FN:2,(anonymous_417)
FN:2,(anonymous_418)
FN:2,(anonymous_419)
FN:2,(anonymous_420)
FN:2,(anonymous_421)
FN:2,(anonymous_422)
FN:2,(anonymous_423)
FN:2,(anonymous_424)
FN:2,(anonymous_425)
FN:2,(anonymous_426)
FN:2,(anonymous_427)
FN:2,(anonymous_428)
FN:2,(anonymous_429)
FN:2,(anonymous_430)
FN:2,(anonymous_431)
FN:2,(anonymous_432)
FN:2,(anonymous_433)
FN:2,(anonymous_434)
FN:2,(anonymous_435)
FN:2,(anonymous_436)
FN:2,(anonymous_437)
FN:2,(anonymous_438)
FN:2,(anonymous_439)
FN:2,(anonymous_440)
FN:2,(anonymous_441)
FN:2,(anonymous_442)
FN:2,(anonymous_443)
FN:2,(anonymous_444)
FN:2,(anonymous_445)
FN:2,(anonymous_446)
FN:2,(anonymous_447)
FN:2,(anonymous_448)
FN:2,(anonymous_449)
FN:2,(anonymous_450)
FN:2,(anonymous_451)
FN:2,(anonymous_452)
FN:2,(anonymous_453)
FN:2,(anonymous_454)
FN:2,(anonymous_455)
FN:2,(anonymous_456)
FN:2,(anonymous_457)
FN:2,(anonymous_458)
FN:2,(anonymous_459)
FN:2,(anonymous_460)
FN:2,(anonymous_461)
FN:2,(anonymous_462)
FN:2,(anonymous_463)
FN:2,(anonymous_464)
FN:2,(anonymous_465)
FN:2,(anonymous_466)
FN:2,(anonymous_467)
FN:2,(anonymous_468)
FN:2,(anonymous_469)
FN:2,(anonymous_470)
FN:2,(anonymous_471)
FN:2,(anonymous_472)
FN:2,(anonymous_473)
FN:2,(anonymous_474)
FN:2,(anonymous_475)
FN:2,(anonymous_476)
FN:2,(anonymous_477)
FN:2,(anonymous_478)
FN:2,(anonymous_479)
FN:2,(anonymous_480)
FN:2,(anonymous_481)
FN:2,(anonymous_482)
FN:2,(anonymous_483)
FN:2,(anonymous_484)
FN:2,(anonymous_485)
FN:2,(anonymous_486)
FN:2,(anonymous_487)
FN:2,(anonymous_488)
FN:2,(anonymous_489)
FN:2,(anonymous_490)
FN:2,(anonymous_491)
FN:2,(anonymous_492)
FN:2,(anonymous_493)
FN:2,(anonymous_494)
FN:2,(anonymous_495)
FN:2,(anonymous_496)
FN:2,(anonymous_497)
FN:2,(anonymous_498)
FN:2,(anonymous_499)
FN:2,(anonymous_500)
FN:2,(anonymous_501)
FN:2,(anonymous_502)
FN:2,(anonymous_503)
FN:2,(anonymous_504)
FN:2,(anonymous_505)
FN:2,(anonymous_506)
FN:2,(anonymous_507)
FN:2,(anonymous_508)
FN:2,(anonymous_509)
FN:2,(anonymous_510)
FN:2,(anonymous_511)
FN:2,(anonymous_512)
FN:2,(anonymous_513)
FN:2,(anonymous_514)
FN:2,(anonymous_515)
FN:2,(anonymous_516)
FN:2,(anonymous_517)
FN:2,(anonymous_518)
FN:2,(anonymous_519)
FN:2,(anonymous_520)
FN:2,(anonymous_521)
FN:2,(anonymous_522)
FN:2,(anonymous_523)
FN:2,(anonymous_524)
FN:2,(anonymous_525)
FN:2,(anonymous_526)
FN:2,(anonymous_527)
FN:2,(anonymous_528)
FN:2,(anonymous_529)
FN:2,(anonymous_530)
FN:2,(anonymous_531)
FN:2,(anonymous_532)
FN:2,(anonymous_533)
FN:2,(anonymous_534)
FN:2,(anonymous_535)
FN:2,(anonymous_536)
FN:2,(anonymous_537)
FN:2,(anonymous_538)
FN:2,(anonymous_539)
FN:2,(anonymous_540)
FN:2,(anonymous_541)
FN:2,(anonymous_542)
FN:2,(anonymous_543)
FN:2,(anonymous_544)
FN:2,(anonymous_545)
FN:2,(anonymous_546)
FN:2,(anonymous_547)
FN:2,(anonymous_548)
FN:2,(anonymous_549)
FN:2,(anonymous_550)
FN:2,(anonymous_551)
FN:2,(anonymous_552)
FN:2,(anonymous_553)
FN:2,(anonymous_554)
FN:2,(anonymous_555)
FN:2,(anonymous_556)
FN:2,(anonymous_557)
FN:2,(anonymous_558)
FN:2,(anonymous_559)
FN:2,(anonymous_560)
FN:2,(anonymous_561)
FN:2,(anonymous_562)
FN:2,(anonymous_563)
FN:2,(anonymous_564)
FN:2,(anonymous_565)
FN:2,(anonymous_566)
FN:2,(anonymous_567)
FN:2,(anonymous_568)
FN:2,(anonymous_569)
FN:2,(anonymous_570)
FN:2,(anonymous_571)
FN:2,(anonymous_572)
FN:2,(anonymous_573)
FN:2,(anonymous_574)
FN:2,(anonymous_575)
FN:2,(anonymous_576)
FN:2,(anonymous_577)
FN:2,(anonymous_578)
FN:2,(anonymous_579)
FN:2,(anonymous_580)
FN:2,(anonymous_581)
FN:2,(anonymous_582)
FN:2,(anonymous_583)
FN:2,(anonymous_584)
FN:2,(anonymous_585)
FN:2,(anonymous_586)
FN:2,(anonymous_587)
FN:2,(anonymous_588)
FN:2,(anonymous_589)
FN:2,(anonymous_590)
FN:2,(anonymous_591)
FN:2,(anonymous_592)
FN:2,(anonymous_593)
FN:2,(anonymous_594)
FN:2,(anonymous_595)
FN:2,(anonymous_596)
FN:2,(anonymous_597)
FN:2,(anonymous_598)
FN:2,(anonymous_599)
FN:2,(anonymous_600)
FN:2,(anonymous_601)
FN:2,(anonymous_602)
FN:2,(anonymous_603)
FN:2,(anonymous_604)
FN:2,(anonymous_605)
FN:2,(anonymous_606)
FN:2,(anonymous_607)
FN:2,(anonymous_608)
FN:2,(anonymous_609)
FN:2,(anonymous_610)
FN:2,(anonymous_611)
FN:2,(anonymous_612)
FN:2,(anonymous_613)
FN:2,(anonymous_614)
FN:2,(anonymous_615)
FN:2,(anonymous_616)
FN:2,(anonymous_617)
FN:2,(anonymous_618)
FN:2,r
FN:2,o
FN:2,u
FN:2,(anonymous_622)
FN:2,t
FN:2,(anonymous_624)
FN:2,(anonymous_625)
FN:2,(anonymous_626)
FN:2,(anonymous_627)
FN:2,(anonymous_628)
FN:2,(anonymous_629)
FN:2,(anonymous_630)
FN:2,(anonymous_631)
FN:2,(anonymous_632)
FN:2,(anonymous_633)
FN:2,(anonymous_634)
FN:2,(anonymous_635)
FN:2,(anonymous_636)
FN:2,(anonymous_637)
FN:2,(anonymous_638)
FN:2,(anonymous_639)
FN:2,(anonymous_640)
FN:2,r
FN:2,(anonymous_642)
FN:2,t
FN:2,(anonymous_644)
FN:2,(anonymous_645)
FN:2,(anonymous_646)
FN:2,(anonymous_647)
FN:2,(anonymous_648)
FN:2,(anonymous_649)
FN:2,(anonymous_650)
FN:2,(anonymous_651)
FN:2,(anonymous_652)
FN:2,(anonymous_653)
FN:2,(anonymous_654)
FN:2,r
FN:2,(anonymous_656)
FN:2,(anonymous_657)
FN:2,o
FN:2,i
FN:2,a
FN:2,(anonymous_661)
FN:2,(anonymous_662)
FN:2,(anonymous_663)
FN:2,u
FN:2,s
FN:2,p
FN:2,h
FN:2,(anonymous_668)
FN:2,(anonymous_669)
FN:2,(anonymous_670)
FN:2,(anonymous_671)
FN:2,(anonymous_672)
FN:2,(anonymous_673)
FN:2,t
FN:2,(anonymous_675)
FN:2,(anonymous_676)
FN:2,(anonymous_677)
FN:2,(anonymous_678)
FN:2,(anonymous_679)
FN:2,(anonymous_680)
FN:2,(anonymous_681)
FN:2,(anonymous_682)
FN:2,(anonymous_683)
FN:2,(anonymous_684)
FN:2,(anonymous_685)
FN:2,(anonymous_686)
FN:2,(anonymous_687)
FN:2,(anonymous_688)
FN:2,(anonymous_689)
FN:2,(anonymous_690)
FN:2,(anonymous_691)
FN:2,(anonymous_692)
FN:2,(anonymous_693)
FN:2,(anonymous_694)
FN:2,(anonymous_695)
FN:2,(anonymous_696)
FN:2,(anonymous_697)
FN:2,(anonymous_698)
FN:2,(anonymous_699)
FN:2,(anonymous_700)
FN:2,(anonymous_701)
FN:2,(anonymous_702)
FN:2,n
FN:2,(anonymous_704)
FN:2,(anonymous_705)
FN:2,(anonymous_706)
FN:2,s
FN:2,c
FN:2,(anonymous_709)
FN:2,(anonymous_710)
FN:2,(anonymous_711)
FN:2,(anonymous_712)
FN:2,(anonymous_713)
FN:2,p
FN:2,t
FN:2,(anonymous_716)
FN:2,(anonymous_717)
FN:2,(anonymous_718)
FN:2,w
FN:2,(anonymous_720)
FN:2,(anonymous_721)
FN:2,(anonymous_722)
FN:2,(anonymous_723)
FN:2,(anonymous_724)
FN:2,(anonymous_725)
FN:2,(anonymous_726)
FN:2,(anonymous_727)
FN:2,(anonymous_728)
FN:2,(anonymous_729)
FN:2,(anonymous_730)
FN:2,(anonymous_731)
FNF:732
FNH:365
FNDA:1,(anonymous_0)
FNDA:1,(anonymous_1)
FNDA:1,(anonymous_2)
FNDA:1,n
FNDA:1,r
FNDA:3,t
FNDA:3,(anonymous_6)
FNDA:1,(anonymous_7)
FNDA:1,(anonymous_8)
FNDA:0,(anonymous_9)
FNDA:1,(anonymous_10)
FNDA:1,(anonymous_11)
FNDA:1,(anonymous_12)
FNDA:1,(anonymous_13)
FNDA:1,(anonymous_14)
FNDA:1,(anonymous_15)
FNDA:2,(anonymous_16)
FNDA:1,(anonymous_17)
FNDA:1,(anonymous_18)
FNDA:2,(anonymous_19)
FNDA:2,(anonymous_20)
FNDA:2,(anonymous_21)
FNDA:1,(anonymous_22)
FNDA:1,(anonymous_23)
FNDA:2,(anonymous_24)
FNDA:0,(anonymous_25)
FNDA:1,(anonymous_26)
FNDA:0,(anonymous_27)
FNDA:1,(anonymous_28)
FNDA:1,(anonymous_29)
FNDA:2,(anonymous_30)
FNDA:0,(anonymous_31)
FNDA:0,(anonymous_32)
FNDA:0,t
FNDA:1,(anonymous_34)
FNDA:1,(anonymous_35)
FNDA:3,t
FNDA:1,(anonymous_37)
FNDA:4,(anonymous_38)
FNDA:1,(anonymous_39)
FNDA:0,(anonymous_40)
FNDA:1,(anonymous_41)
FNDA:0,(anonymous_42)
FNDA:1,(anonymous_43)
FNDA:4,(anonymous_44)
FNDA:1,(anonymous_45)
FNDA:0,(anonymous_46)
FNDA:1,(anonymous_47)
FNDA:0,(anonymous_48)
FNDA:1,(anonymous_49)
FNDA:0,(anonymous_50)
FNDA:1,(anonymous_51)
FNDA:0,(anonymous_52)
FNDA:1,(anonymous_53)
FNDA:0,(anonymous_54)
FNDA:1,(anonymous_55)
FNDA:0,(anonymous_56)
FNDA:1,(anonymous_57)
FNDA:2,(anonymous_58)
FNDA:0,(anonymous_59)
FNDA:1,(anonymous_60)
FNDA:8,(anonymous_61)
FNDA:1,(anonymous_62)
FNDA:1,(anonymous_63)
FNDA:4,(anonymous_64)
FNDA:0,(anonymous_65)
FNDA:0,(anonymous_66)
FNDA:1,(anonymous_67)
FNDA:3,(anonymous_68)
FNDA:3,(anonymous_69)
FNDA:0,(anonymous_70)
FNDA:1,(anonymous_71)
FNDA:0,(anonymous_72)
FNDA:1,(anonymous_73)
FNDA:1,(anonymous_74)
FNDA:0,(anonymous_75)
FNDA:0,(anonymous_76)
FNDA:0,(anonymous_77)
FNDA:1,(anonymous_78)
FNDA:0,(anonymous_79)
FNDA:1,(anonymous_80)
FNDA:0,(anonymous_81)
FNDA:1,(anonymous_82)
FNDA:0,(anonymous_83)
FNDA:1,(anonymous_84)
FNDA:1,(anonymous_85)
FNDA:1,(anonymous_86)
FNDA:1,(anonymous_87)
FNDA:1,(anonymous_88)
FNDA:2,(anonymous_89)
FNDA:2,(anonymous_90)
FNDA:2,(anonymous_91)
FNDA:1,(anonymous_92)
FNDA:2,(anonymous_93)
FNDA:1,(anonymous_94)
FNDA:1,(anonymous_95)
FNDA:0,(anonymous_96)
FNDA:0,(anonymous_97)
FNDA:1,(anonymous_98)
FNDA:0,(anonymous_99)
FNDA:1,(anonymous_100)
FNDA:1,(anonymous_101)
FNDA:1,t
FNDA:1,(anonymous_103)
FNDA:0,(anonymous_104)
FNDA:3,(anonymous_105)
FNDA:1,(anonymous_106)
FNDA:12,(anonymous_107)
FNDA:0,(anonymous_108)
FNDA:1,(anonymous_109)
FNDA:15,(anonymous_110)
FNDA:1,(anonymous_111)
FNDA:0,(anonymous_112)
FNDA:1,(anonymous_113)
FNDA:0,(anonymous_114)
FNDA:2,(anonymous_115)
FNDA:3,(anonymous_116)
FNDA:0,(anonymous_117)
FNDA:0,(anonymous_118)
FNDA:0,(anonymous_119)
FNDA:1,(anonymous_120)
FNDA:9,(anonymous_121)
FNDA:1,(anonymous_122)
FNDA:1,(anonymous_123)
FNDA:1,(anonymous_124)
FNDA:1,(anonymous_125)
FNDA:1,(anonymous_126)
FNDA:1,(anonymous_127)
FNDA:1,(anonymous_128)
FNDA:1,(anonymous_129)
FNDA:1,(anonymous_130)
FNDA:1,(anonymous_131)
FNDA:1,(anonymous_132)
FNDA:1,(anonymous_133)
FNDA:1,(anonymous_134)
FNDA:1,(anonymous_135)
FNDA:1,(anonymous_136)
FNDA:1,(anonymous_137)
FNDA:1,(anonymous_138)
FNDA:1,(anonymous_139)
FNDA:1,(anonymous_140)
FNDA:28,(anonymous_141)
FNDA:1,(anonymous_142)
FNDA:31,(anonymous_143)
FNDA:1,(anonymous_144)
FNDA:2,(anonymous_145)
FNDA:2,(anonymous_146)
FNDA:2,(anonymous_147)
FNDA:2,(anonymous_148)
FNDA:0,(anonymous_149)
FNDA:2,(anonymous_150)
FNDA:0,(anonymous_151)
FNDA:1,(anonymous_152)
FNDA:0,(anonymous_153)
FNDA:1,(anonymous_154)
FNDA:4,(anonymous_155)
FNDA:0,(anonymous_156)
FNDA:1,(anonymous_157)
FNDA:0,(anonymous_158)
FNDA:1,(anonymous_159)
FNDA:0,(anonymous_160)
FNDA:1,(anonymous_161)
FNDA:67,(anonymous_162)
FNDA:0,(anonymous_163)
FNDA:0,(anonymous_164)
FNDA:1,(anonymous_165)
FNDA:6,(anonymous_166)
FNDA:11,(anonymous_167)
FNDA:1,(anonymous_168)
FNDA:0,(anonymous_169)
FNDA:1,(anonymous_170)
FNDA:0,(anonymous_171)
FNDA:1,(anonymous_172)
FNDA:0,(anonymous_173)
FNDA:1,(anonymous_174)
FNDA:0,(anonymous_175)
FNDA:0,(anonymous_176)
FNDA:1,(anonymous_177)
FNDA:1,(anonymous_178)
FNDA:0,(anonymous_179)
FNDA:1,(anonymous_180)
FNDA:0,(anonymous_181)
FNDA:1,(anonymous_182)
FNDA:1,(anonymous_183)
FNDA:0,(anonymous_184)
FNDA:1,(anonymous_185)
FNDA:1,(anonymous_186)
FNDA:0,(anonymous_187)
FNDA:0,(anonymous_188)
FNDA:1,(anonymous_189)
FNDA:1,(anonymous_190)
FNDA:0,(anonymous_191)
FNDA:1,(anonymous_192)
FNDA:4,(anonymous_193)
FNDA:1,(anonymous_194)
FNDA:19,(anonymous_195)
FNDA:3,(anonymous_196)
FNDA:20,(anonymous_197)
FNDA:0,(anonymous_198)
FNDA:0,(anonymous_199)
FNDA:0,(anonymous_200)
FNDA:20,(anonymous_201)
FNDA:7,(anonymous_202)
FNDA:0,(anonymous_203)
FNDA:1,(anonymous_204)
FNDA:0,(anonymous_205)
FNDA:1,(anonymous_206)
FNDA:0,(anonymous_207)
FNDA:1,(anonymous_208)
FNDA:81,(anonymous_209)
FNDA:1,(anonymous_210)
FNDA:2,(anonymous_211)
FNDA:3,(anonymous_212)
FNDA:1,(anonymous_213)
FNDA:0,(anonymous_214)
FNDA:0,(anonymous_215)
FNDA:1,(anonymous_216)
FNDA:39,(anonymous_217)
FNDA:39,(anonymous_218)
FNDA:1,(anonymous_219)
FNDA:2,(anonymous_220)
FNDA:1,(anonymous_221)
FNDA:1,(anonymous_222)
FNDA:0,(anonymous_223)
FNDA:0,(anonymous_224)
FNDA:1,(anonymous_225)
FNDA:0,(anonymous_226)
FNDA:0,(anonymous_227)
FNDA:0,(anonymous_228)
FNDA:0,(anonymous_229)
FNDA:1,(anonymous_230)
FNDA:0,(anonymous_231)
FNDA:1,(anonymous_232)
FNDA:1,(anonymous_233)
FNDA:0,(anonymous_234)
FNDA:1,(anonymous_235)
FNDA:1,(anonymous_236)
FNDA:1,(anonymous_237)
FNDA:1,(anonymous_238)
FNDA:0,(anonymous_239)
FNDA:0,(anonymous_240)
FNDA:0,(anonymous_241)
FNDA:0,(anonymous_242)
FNDA:0,(anonymous_243)
FNDA:0,(anonymous_244)
FNDA:1,(anonymous_245)
FNDA:1,(anonymous_246)
FNDA:1,(anonymous_247)
FNDA:1,(anonymous_248)
FNDA:1,(anonymous_249)
FNDA:2,(anonymous_250)
FNDA:1,(anonymous_251)
FNDA:1,(anonymous_252)
FNDA:0,(anonymous_253)
FNDA:0,(anonymous_254)
FNDA:0,(anonymous_255)
FNDA:1,(anonymous_256)
FNDA:1,(anonymous_257)
FNDA:1,(anonymous_258)
FNDA:20,(anonymous_259)
FNDA:0,(anonymous_260)
FNDA:1,(anonymous_261)
FNDA:0,(anonymous_262)
FNDA:0,(anonymous_263)
FNDA:0,(anonymous_264)
FNDA:0,(anonymous_265)
FNDA:0,(anonymous_266)
FNDA:1,(anonymous_267)
FNDA:0,(anonymous_268)
FNDA:1,(anonymous_269)
FNDA:0,(anonymous_270)
FNDA:1,(anonymous_271)
FNDA:0,(anonymous_272)
FNDA:1,(anonymous_273)
FNDA:0,(anonymous_274)
FNDA:0,(anonymous_275)
FNDA:1,(anonymous_276)
FNDA:0,(anonymous_277)
FNDA:1,(anonymous_278)
FNDA:1,(anonymous_279)
FNDA:0,(anonymous_280)
FNDA:1,(anonymous_281)
FNDA:1,(anonymous_282)
FNDA:0,(anonymous_283)
FNDA:1,(anonymous_284)
FNDA:0,(anonymous_285)
FNDA:1,(anonymous_286)
FNDA:0,(anonymous_287)
FNDA:1,(anonymous_288)
FNDA:0,(anonymous_289)
FNDA:0,(anonymous_290)
FNDA:1,(anonymous_291)
FNDA:2,(anonymous_292)
FNDA:0,(anonymous_293)
FNDA:1,(anonymous_294)
FNDA:0,(anonymous_295)
FNDA:1,(anonymous_296)
FNDA:0,(anonymous_297)
FNDA:1,(anonymous_298)
FNDA:0,(anonymous_299)
FNDA:1,(anonymous_300)
FNDA:1,(anonymous_301)
FNDA:0,(anonymous_302)
FNDA:1,(anonymous_303)
FNDA:0,(anonymous_304)
FNDA:1,(anonymous_305)
FNDA:1,(anonymous_306)
FNDA:1,(anonymous_307)
FNDA:20,(anonymous_308)
FNDA:2,(anonymous_309)
FNDA:1,(anonymous_310)
FNDA:0,(anonymous_311)
FNDA:1,(anonymous_312)
FNDA:0,(anonymous_313)
FNDA:0,(anonymous_314)
FNDA:1,(anonymous_315)
FNDA:0,(anonymous_316)
FNDA:1,(anonymous_317)
FNDA:1,(anonymous_318)
FNDA:1,(anonymous_319)
FNDA:1,(anonymous_320)
FNDA:1,(anonymous_321)
FNDA:1,(anonymous_322)
FNDA:1,(anonymous_323)
FNDA:1,(anonymous_324)
FNDA:1,(anonymous_325)
FNDA:1,(anonymous_326)
FNDA:1,(anonymous_327)
FNDA:1,(anonymous_328)
FNDA:1,(anonymous_329)
FNDA:1,(anonymous_330)
FNDA:0,(anonymous_331)
FNDA:1,(anonymous_332)
FNDA:9,(anonymous_333)
FNDA:1,(anonymous_334)
FNDA:3,(anonymous_335)
FNDA:1,(anonymous_336)
FNDA:1,(anonymous_337)
FNDA:9,(anonymous_338)
FNDA:1,(anonymous_339)
FNDA:0,(anonymous_340)
FNDA:1,(anonymous_341)
FNDA:2,(anonymous_342)
FNDA:0,(anonymous_343)
FNDA:1,(anonymous_344)
FNDA:0,(anonymous_345)
FNDA:0,(anonymous_346)
FNDA:0,(anonymous_347)
FNDA:0,(anonymous_348)
FNDA:0,(anonymous_349)
FNDA:1,(anonymous_350)
FNDA:0,(anonymous_351)
FNDA:0,(anonymous_352)
FNDA:0,(anonymous_353)
FNDA:0,(anonymous_354)
FNDA:0,(anonymous_355)
FNDA:0,(anonymous_356)
FNDA:0,(anonymous_357)
FNDA:0,(anonymous_358)
FNDA:0,(anonymous_359)
FNDA:0,(anonymous_360)
FNDA:0,(anonymous_361)
FNDA:0,(anonymous_362)
FNDA:0,(anonymous_363)
FNDA:1,(anonymous_364)
FNDA:0,(anonymous_365)
FNDA:1,(anonymous_366)
FNDA:0,(anonymous_367)
FNDA:1,(anonymous_368)
FNDA:1,(anonymous_369)
FNDA:1,(anonymous_370)
FNDA:1,(anonymous_371)
FNDA:1,(anonymous_372)
FNDA:1,(anonymous_373)
FNDA:1,(anonymous_374)
FNDA:0,(anonymous_375)
FNDA:1,(anonymous_376)
FNDA:0,(anonymous_377)
FNDA:1,(anonymous_378)
FNDA:1,(anonymous_379)
FNDA:0,(anonymous_380)
FNDA:1,(anonymous_381)
FNDA:0,(anonymous_382)
FNDA:1,(anonymous_383)
FNDA:2,(anonymous_384)
FNDA:1,(anonymous_385)
FNDA:1,(anonymous_386)
FNDA:1,(anonymous_387)
FNDA:26,(anonymous_388)
FNDA:1,(anonymous_389)
FNDA:0,(anonymous_390)
FNDA:0,(anonymous_391)
FNDA:0,(anonymous_392)
FNDA:1,(anonymous_393)
FNDA:1,(anonymous_394)
FNDA:0,(anonymous_395)
FNDA:1,(anonymous_396)
FNDA:1,(anonymous_397)
FNDA:1,(anonymous_398)
FNDA:0,(anonymous_399)
FNDA:0,(anonymous_400)
FNDA:1,(anonymous_401)
FNDA:0,(anonymous_402)
FNDA:1,(anonymous_403)
FNDA:0,(anonymous_404)
FNDA:1,(anonymous_405)
FNDA:0,(anonymous_406)
FNDA:1,(anonymous_407)
FNDA:1,(anonymous_408)
FNDA:1,(anonymous_409)
FNDA:1,(anonymous_410)
FNDA:0,(anonymous_411)
FNDA:0,(anonymous_412)
FNDA:0,(anonymous_413)
FNDA:0,(anonymous_414)
FNDA:1,(anonymous_415)
FNDA:0,(anonymous_416)
FNDA:1,(anonymous_417)
FNDA:1,(anonymous_418)
FNDA:0,(anonymous_419)
FNDA:1,(anonymous_420)
FNDA:1,(anonymous_421)
FNDA:0,(anonymous_422)
FNDA:1,(anonymous_423)
FNDA:1,(anonymous_424)
FNDA:0,(anonymous_425)
FNDA:1,(anonymous_426)
FNDA:1,(anonymous_427)
FNDA:1,(anonymous_428)
FNDA:0,(anonymous_429)
FNDA:0,(anonymous_430)
FNDA:0,(anonymous_431)
FNDA:0,(anonymous_432)
FNDA:0,(anonymous_433)
FNDA:0,(anonymous_434)
FNDA:1,(anonymous_435)
FNDA:1,(anonymous_436)
FNDA:0,(anonymous_437)
FNDA:0,(anonymous_438)
FNDA:0,(anonymous_439)
FNDA:0,(anonymous_440)
FNDA:0,(anonymous_441)
FNDA:1,(anonymous_442)
FNDA:0,(anonymous_443)
FNDA:0,(anonymous_444)
FNDA:0,(anonymous_445)
FNDA:0,(anonymous_446)
FNDA:0,(anonymous_447)
FNDA:0,(anonymous_448)
FNDA:0,(anonymous_449)
FNDA:0,(anonymous_450)
FNDA:0,(anonymous_451)
FNDA:0,(anonymous_452)
FNDA:0,(anonymous_453)
FNDA:0,(anonymous_454)
FNDA:0,(anonymous_455)
FNDA:0,(anonymous_456)
FNDA:0,(anonymous_457)
FNDA:0,(anonymous_458)
FNDA:0,(anonymous_459)
FNDA:0,(anonymous_460)
FNDA:0,(anonymous_461)
FNDA:0,(anonymous_462)
FNDA:0,(anonymous_463)
FNDA:0,(anonymous_464)
FNDA:0,(anonymous_465)
FNDA:0,(anonymous_466)
FNDA:0,(anonymous_467)
FNDA:0,(anonymous_468)
FNDA:0,(anonymous_469)
FNDA:0,(anonymous_470)
FNDA:0,(anonymous_471)
FNDA:0,(anonymous_472)
FNDA:0,(anonymous_473)
FNDA:0,(anonymous_474)
FNDA:0,(anonymous_475)
FNDA:1,(anonymous_476)
FNDA:1,(anonymous_477)
FNDA:1,(anonymous_478)
FNDA:0,(anonymous_479)
FNDA:1,(anonymous_480)
FNDA:0,(anonymous_481)
FNDA:0,(anonymous_482)
FNDA:1,(anonymous_483)
FNDA:0,(anonymous_484)
FNDA:0,(anonymous_485)
FNDA:0,(anonymous_486)
FNDA:1,(anonymous_487)
FNDA:0,(anonymous_488)
FNDA:0,(anonymous_489)
FNDA:0,(anonymous_490)
FNDA:1,(anonymous_491)
FNDA:1,(anonymous_492)
FNDA:1,(anonymous_493)
FNDA:0,(anonymous_494)
FNDA:0,(anonymous_495)
FNDA:1,(anonymous_496)
FNDA:1,(anonymous_497)
FNDA:1,(anonymous_498)
FNDA:1,(anonymous_499)
FNDA:0,(anonymous_500)
FNDA:0,(anonymous_501)
FNDA:0,(anonymous_502)
FNDA:0,(anonymous_503)
FNDA:0,(anonymous_504)
FNDA:0,(anonymous_505)
FNDA:0,(anonymous_506)
FNDA:0,(anonymous_507)
FNDA:0,(anonymous_508)
FNDA:0,(anonymous_509)
FNDA:0,(anonymous_510)
FNDA:0,(anonymous_511)
FNDA:0,(anonymous_512)
FNDA:0,(anonymous_513)
FNDA:0,(anonymous_514)
FNDA:0,(anonymous_515)
FNDA:0,(anonymous_516)
FNDA:8,(anonymous_517)
FNDA:0,(anonymous_518)
FNDA:0,(anonymous_519)
FNDA:0,(anonymous_520)
FNDA:0,(anonymous_521)
FNDA:0,(anonymous_522)
FNDA:1,(anonymous_523)
FNDA:0,(anonymous_524)
FNDA:1,(anonymous_525)
FNDA:0,(anonymous_526)
FNDA:0,(anonymous_527)
FNDA:0,(anonymous_528)
FNDA:1,(anonymous_529)
FNDA:3,(anonymous_530)
FNDA:1,(anonymous_531)
FNDA:32,(anonymous_532)
FNDA:1,(anonymous_533)
FNDA:0,(anonymous_534)
FNDA:0,(anonymous_535)
FNDA:0,(anonymous_536)
FNDA:0,(anonymous_537)
FNDA:0,(anonymous_538)
FNDA:0,(anonymous_539)
FNDA:0,(anonymous_540)
FNDA:0,(anonymous_541)
FNDA:0,(anonymous_542)
FNDA:0,(anonymous_543)
FNDA:0,(anonymous_544)
FNDA:0,(anonymous_545)
FNDA:0,(anonymous_546)
FNDA:0,(anonymous_547)
FNDA:0,(anonymous_548)
FNDA:0,(anonymous_549)
FNDA:0,(anonymous_550)
FNDA:0,(anonymous_551)
FNDA:0,(anonymous_552)
FNDA:0,(anonymous_553)
FNDA:0,(anonymous_554)
FNDA:0,(anonymous_555)
FNDA:0,(anonymous_556)
FNDA:0,(anonymous_557)
FNDA:0,(anonymous_558)
FNDA:0,(anonymous_559)
FNDA:0,(anonymous_560)
FNDA:0,(anonymous_561)
FNDA:0,(anonymous_562)
FNDA:0,(anonymous_563)
FNDA:0,(anonymous_564)
FNDA:0,(anonymous_565)
FNDA:1,(anonymous_566)
FNDA:0,(anonymous_567)
FNDA:0,(anonymous_568)
FNDA:0,(anonymous_569)
FNDA:0,(anonymous_570)
FNDA:0,(anonymous_571)
FNDA:0,(anonymous_572)
FNDA:0,(anonymous_573)
FNDA:0,(anonymous_574)
FNDA:0,(anonymous_575)
FNDA:0,(anonymous_576)
FNDA:0,(anonymous_577)
FNDA:0,(anonymous_578)
FNDA:0,(anonymous_579)
FNDA:0,(anonymous_580)
FNDA:0,(anonymous_581)
FNDA:0,(anonymous_582)
FNDA:0,(anonymous_583)
FNDA:0,(anonymous_584)
FNDA:0,(anonymous_585)
FNDA:0,(anonymous_586)
FNDA:0,(anonymous_587)
FNDA:0,(anonymous_588)
FNDA:0,(anonymous_589)
FNDA:0,(anonymous_590)
FNDA:0,(anonymous_591)
FNDA:0,(anonymous_592)
FNDA:0,(anonymous_593)
FNDA:0,(anonymous_594)
FNDA:0,(anonymous_595)
FNDA:0,(anonymous_596)
FNDA:0,(anonymous_597)
FNDA:0,(anonymous_598)
FNDA:0,(anonymous_599)
FNDA:0,(anonymous_600)
FNDA:0,(anonymous_601)
FNDA:0,(anonymous_602)
FNDA:0,(anonymous_603)
FNDA:0,(anonymous_604)
FNDA:0,(anonymous_605)
FNDA:0,(anonymous_606)
FNDA:12,(anonymous_607)
FNDA:0,(anonymous_608)
FNDA:0,(anonymous_609)
FNDA:0,(anonymous_610)
FNDA:0,(anonymous_611)
FNDA:1,(anonymous_612)
FNDA:0,(anonymous_613)
FNDA:1,(anonymous_614)
FNDA:0,(anonymous_615)
FNDA:1,(anonymous_616)
FNDA:0,(anonymous_617)
FNDA:1,(anonymous_618)
FNDA:1,r
FNDA:0,o
FNDA:18,u
FNDA:1,(anonymous_622)
FNDA:4,t
FNDA:4,(anonymous_624)
FNDA:15,(anonymous_625)
FNDA:15,(anonymous_626)
FNDA:0,(anonymous_627)
FNDA:0,(anonymous_628)
FNDA:0,(anonymous_629)
FNDA:3,(anonymous_630)
FNDA:15,(anonymous_631)
FNDA:0,(anonymous_632)
FNDA:0,(anonymous_633)
FNDA:1,(anonymous_634)
FNDA:0,(anonymous_635)
FNDA:0,(anonymous_636)
FNDA:15,(anonymous_637)
FNDA:0,(anonymous_638)
FNDA:0,(anonymous_639)
FNDA:1,(anonymous_640)
FNDA:1,r
FNDA:1,(anonymous_642)
FNDA:0,t
FNDA:0,(anonymous_644)
FNDA:0,(anonymous_645)
FNDA:0,(anonymous_646)
FNDA:0,(anonymous_647)
FNDA:0,(anonymous_648)
FNDA:0,(anonymous_649)
FNDA:1,(anonymous_650)
FNDA:2,(anonymous_651)
FNDA:14,(anonymous_652)
FNDA:30,(anonymous_653)
FNDA:1,(anonymous_654)
FNDA:1,r
FNDA:15,(anonymous_656)
FNDA:0,(anonymous_657)
FNDA:30,o
FNDA:1,i
FNDA:15,a
FNDA:15,(anonymous_661)
FNDA:0,(anonymous_662)
FNDA:0,(anonymous_663)
FNDA:0,u
FNDA:0,s
FNDA:0,p
FNDA:30,h
FNDA:8,(anonymous_668)
FNDA:3,(anonymous_669)
FNDA:4,(anonymous_670)
FNDA:0,(anonymous_671)
FNDA:4,(anonymous_672)
FNDA:1,(anonymous_673)
FNDA:30,t
FNDA:0,(anonymous_675)
FNDA:0,(anonymous_676)
FNDA:0,(anonymous_677)
FNDA:0,(anonymous_678)
FNDA:0,(anonymous_679)
FNDA:0,(anonymous_680)
FNDA:0,(anonymous_681)
FNDA:0,(anonymous_682)
FNDA:0,(anonymous_683)
FNDA:0,(anonymous_684)
FNDA:0,(anonymous_685)
FNDA:28,(anonymous_686)
FNDA:1,(anonymous_687)
FNDA:0,(anonymous_688)
FNDA:4,(anonymous_689)
FNDA:0,(anonymous_690)
FNDA:0,(anonymous_691)
FNDA:0,(anonymous_692)
FNDA:0,(anonymous_693)
FNDA:0,(anonymous_694)
FNDA:0,(anonymous_695)
FNDA:0,(anonymous_696)
FNDA:0,(anonymous_697)
FNDA:0,(anonymous_698)
FNDA:0,(anonymous_699)
FNDA:0,(anonymous_700)
FNDA:1,(anonymous_701)
FNDA:0,(anonymous_702)
FNDA:746,n
FNDA:1,(anonymous_704)
FNDA:1,(anonymous_705)
FNDA:1,(anonymous_706)
FNDA:0,s
FNDA:2,c
FNDA:1,(anonymous_709)
FNDA:28,(anonymous_710)
FNDA:0,(anonymous_711)
FNDA:1,(anonymous_712)
FNDA:1,(anonymous_713)
FNDA:3,p
FNDA:2,t
FNDA:2,(anonymous_716)
FNDA:0,(anonymous_717)
FNDA:2,(anonymous_718)
FNDA:2,w
FNDA:0,(anonymous_720)
FNDA:0,(anonymous_721)
FNDA:2,(anonymous_722)
FNDA:4,(anonymous_723)
FNDA:0,(anonymous_724)
FNDA:7,(anonymous_725)
FNDA:4,(anonymous_726)
FNDA:1,(anonymous_727)
FNDA:2,(anonymous_728)
FNDA:0,(anonymous_729)
FNDA:2,(anonymous_730)
FNDA:0,(anonymous_731)
DA:2,746
LF:1
LH:1
BRDA:2,0,0,1
BRDA:2,0,1,2
BRDA:2,1,0,1
BRDA:2,1,1,0
BRDA:2,2,0,1
BRDA:2,2,1,0
BRDA:2,3,0,1
BRDA:2,3,1,1
BRDA:2,4,0,1
BRDA:2,4,1,0
BRDA:2,5,0,1
BRDA:2,5,1,1
BRDA:2,5,2,1
BRDA:2,5,3,0
BRDA:2,6,0,1
BRDA:2,6,1,1
BRDA:2,6,2,0
BRDA:2,7,0,2
BRDA:2,7,1,2
BRDA:2,8,0,1
BRDA:2,8,1,1
BRDA:2,9,0,0
BRDA:2,9,1,0
BRDA:2,10,0,1
BRDA:2,10,1,0
BRDA:2,11,0,2
BRDA:2,11,1,0
BRDA:2,12,0,0
BRDA:2,12,1,0
BRDA:2,13,0,0
BRDA:2,13,1,0
BRDA:2,14,0,1
BRDA:2,14,1,2
BRDA:2,15,0,4
BRDA:2,15,1,0
BRDA:2,16,0,0
BRDA:2,16,1,0
BRDA:2,17,0,0
BRDA:2,17,1,0
BRDA:2,18,0,0
BRDA:2,18,1,0
BRDA:2,19,0,1
BRDA:2,19,1,0
BRDA:2,20,0,0
BRDA:2,20,1,0
BRDA:2,21,0,0
BRDA:2,21,1,0
BRDA:2,22,0,0
BRDA:2,22,1,0
BRDA:2,23,0,0
BRDA:2,23,1,0
BRDA:2,24,0,0
BRDA:2,24,1,0
BRDA:2,25,0,0
BRDA:2,25,1,0
BRDA:2,26,0,1
BRDA:2,26,1,0
BRDA:2,27,0,0
BRDA:2,27,1,0
BRDA:2,28,0,0
BRDA:2,28,1,0
BRDA:2,29,0,0
BRDA:2,29,1,0
BRDA:2,30,0,0
BRDA:2,30,1,0
BRDA:2,31,0,0
BRDA:2,31,1,0
BRDA:2,32,0,0
BRDA:2,32,1,0
BRDA:2,32,2,0
BRDA:2,33,0,0
BRDA:2,33,1,0
BRDA:2,34,0,0
BRDA:2,34,1,0
BRDA:2,35,0,0
BRDA:2,35,1,0
BRDA:2,36,0,0
BRDA:2,36,1,0
BRDA:2,37,0,0
BRDA:2,37,1,0
BRDA:2,38,0,0
BRDA:2,38,1,0
BRDA:2,39,0,0
BRDA:2,39,1,0
BRDA:2,40,0,0
BRDA:2,40,1,0
BRDA:2,41,0,0
BRDA:2,41,1,0
BRDA:2,41,2,0
BRDA:2,42,0,0
BRDA:2,42,1,0
BRDA:2,42,2,0
BRDA:2,43,0,0
BRDA:2,43,1,0
BRDA:2,44,0,8
BRDA:2,44,1,7
BRDA:2,45,0,1
BRDA:2,45,1,1
BRDA:2,46,0,0
BRDA:2,46,1,1
BRDA:2,47,0,0
BRDA:2,47,1,1
BRDA:2,48,0,1
BRDA:2,48,1,1
BRDA:2,49,0,0
BRDA:2,49,1,8
BRDA:2,50,0,8
BRDA:2,50,1,8
BRDA:2,50,2,8
BRDA:2,51,0,0
BRDA:2,51,1,0
BRDA:2,52,0,0
BRDA:2,52,1,0
BRDA:2,53,0,0
BRDA:2,53,1,0
BRDA:2,53,2,0
BRDA:2,53,3,0
BRDA:2,54,0,0
BRDA:2,54,1,0
BRDA:2,55,0,0
BRDA:2,55,1,1
BRDA:2,56,0,0
BRDA:2,56,1,1
BRDA:2,57,0,1
BRDA:2,57,1,1
BRDA:2,58,0,4
BRDA:2,58,1,0
BRDA:2,59,0,3
BRDA:2,59,1,3
BRDA:2,60,0,3
BRDA:2,60,1,2
BRDA:2,61,0,0
BRDA:2,61,1,0
BRDA:2,62,0,0
BRDA:2,62,1,0
BRDA:2,63,0,0
BRDA:2,63,1,0
BRDA:2,64,0,0
BRDA:2,64,1,0
BRDA:2,65,0,0
BRDA:2,65,1,0
BRDA:2,66,0,0
BRDA:2,66,1,0
BRDA:2,67,0,0
BRDA:2,67,1,0
BRDA:2,68,0,0
BRDA:2,68,1,0
BRDA:2,69,0,0
BRDA:2,69,1,0
BRDA:2,70,0,0
BRDA:2,70,1,0
BRDA:2,71,0,0
BRDA:2,71,1,0
BRDA:2,71,2,0
BRDA:2,71,3,0
BRDA:2,71,4,0
BRDA:2,71,5,0
BRDA:2,72,0,0
BRDA:2,72,1,0
BRDA:2,73,0,0
BRDA:2,73,1,0
BRDA:2,74,0,0
BRDA:2,74,1,0
BRDA:2,75,0,0
BRDA:2,75,1,2
BRDA:2,76,0,2
BRDA:2,76,1,2
BRDA:2,77,0,1
BRDA:2,77,1,0
BRDA:2,78,0,0
BRDA:2,78,1,0
BRDA:2,79,0,0
BRDA:2,79,1,0
BRDA:2,80,0,0
BRDA:2,80,1,0
BRDA:2,81,0,0
BRDA:2,81,1,0
BRDA:2,82,0,0
BRDA:2,82,1,0
BRDA:2,83,0,0
BRDA:2,83,1,0
BRDA:2,84,0,0
BRDA:2,84,1,0
BRDA:2,85,0,1
BRDA:2,85,1,0
BRDA:2,86,0,0
BRDA:2,86,1,0
BRDA:2,87,0,1
BRDA:2,87,1,2
BRDA:2,88,0,3
BRDA:2,88,1,1
BRDA:2,89,0,2
BRDA:2,89,1,0
BRDA:2,90,0,2
BRDA:2,90,1,2
BRDA:2,91,0,0
BRDA:2,91,1,0
BRDA:2,91,2,0
BRDA:2,92,0,2
BRDA:2,92,1,0
BRDA:2,92,2,0
BRDA:2,92,3,0
BRDA:2,93,0,2
BRDA:2,93,1,2
BRDA:2,93,2,0
BRDA:2,94,0,2
BRDA:2,94,1,1
BRDA:2,94,2,1
BRDA:2,95,0,1
BRDA:2,95,1,1
BRDA:2,96,0,2
BRDA:2,96,1,2
BRDA:2,96,2,2
BRDA:2,96,3,2
BRDA:2,97,0,2
BRDA:2,97,1,2
BRDA:2,97,2,0
BRDA:2,98,0,0
BRDA:2,98,1,0
BRDA:2,99,0,0
BRDA:2,99,1,0
BRDA:2,100,0,2
BRDA:2,100,1,0
BRDA:2,101,0,2
BRDA:2,101,1,0
BRDA:2,101,2,0
BRDA:2,101,3,0
BRDA:2,101,4,0
BRDA:2,102,0,0
BRDA:2,102,1,0
BRDA:2,103,0,0
BRDA:2,103,1,0
BRDA:2,104,0,0
BRDA:2,104,1,1
BRDA:2,105,0,0
BRDA:2,105,1,1
BRDA:2,106,0,0
BRDA:2,106,1,0
BRDA:2,106,2,0
BRDA:2,106,3,0
BRDA:2,107,0,1
BRDA:2,107,1,1
BRDA:2,108,0,2
BRDA:2,108,1,0
BRDA:2,108,2,2
BRDA:2,108,3,0
BRDA:2,109,0,9
BRDA:2,109,1,0
BRDA:2,110,0,9
BRDA:2,110,1,0
BRDA:2,111,0,1
BRDA:2,111,1,1
BRDA:2,112,0,1
BRDA:2,112,1,0
BRDA:2,113,0,1
BRDA:2,113,1,1
BRDA:2,113,2,1
BRDA:2,114,0,0
BRDA:2,114,1,1
BRDA:2,115,0,1
BRDA:2,115,1,0
BRDA:2,116,0,1
BRDA:2,116,1,0
BRDA:2,117,0,1
BRDA:2,117,1,0
BRDA:2,118,0,1
BRDA:2,118,1,0
BRDA:2,118,2,1
BRDA:2,118,3,0
BRDA:2,119,0,1
BRDA:2,119,1,0
BRDA:2,120,0,1
BRDA:2,120,1,0
BRDA:2,121,0,0
BRDA:2,121,1,0
BRDA:2,122,0,0
BRDA:2,122,1,0
BRDA:2,123,0,1
BRDA:2,123,1,1
BRDA:2,123,2,1
BRDA:2,123,3,0
BRDA:2,123,4,1
BRDA:2,123,5,1
BRDA:2,124,0,1
BRDA:2,124,1,1
BRDA:2,125,0,28
BRDA:2,125,1,0
BRDA:2,126,0,4
BRDA:2,126,1,24
BRDA:2,127,0,13
BRDA:2,127,1,11
BRDA:2,128,0,13
BRDA:2,128,1,0
BRDA:2,129,0,11
BRDA:2,129,1,0
BRDA:2,130,0,36
BRDA:2,130,1,2
BRDA:2,131,0,0
BRDA:2,131,1,38
BRDA:2,132,0,0
BRDA:2,132,1,0
BRDA:2,133,0,38
BRDA:2,133,1,38
BRDA:2,134,0,4
BRDA:2,134,1,34
BRDA:2,135,0,21
BRDA:2,135,1,13
BRDA:2,136,0,36
BRDA:2,136,1,0
BRDA:2,137,0,2
BRDA:2,137,1,2
BRDA:2,137,2,0
BRDA:2,137,3,0
BRDA:2,138,0,2
BRDA:2,138,1,2
BRDA:2,139,0,2
BRDA:2,139,1,0
BRDA:2,140,0,0
BRDA:2,140,1,2
BRDA:2,141,0,2
BRDA:2,141,1,2
BRDA:2,141,2,2
BRDA:2,142,0,0
BRDA:2,142,1,0
BRDA:2,143,0,0
BRDA:2,143,1,0
BRDA:2,144,0,0
BRDA:2,144,1,0
BRDA:2,145,0,0
BRDA:2,145,1,0
BRDA:2,146,0,2
BRDA:2,146,1,0
BRDA:2,147,0,1
BRDA:2,147,1,1
BRDA:2,147,2,0
BRDA:2,148,0,0
BRDA:2,148,1,0
BRDA:2,149,0,1
BRDA:2,149,1,3
BRDA:2,150,0,3
BRDA:2,150,1,0
BRDA:2,151,0,1
BRDA:2,151,1,0
BRDA:2,152,0,1
BRDA:2,152,1,1
BRDA:2,153,0,1
BRDA:2,153,1,1
BRDA:2,154,0,1
BRDA:2,154,1,1
BRDA:2,154,2,1
BRDA:2,154,3,1
BRDA:2,155,0,1
BRDA:2,155,1,1
BRDA:2,156,0,1
BRDA:2,156,1,0
BRDA:2,157,0,67
BRDA:2,157,1,67
BRDA:2,158,0,0
BRDA:2,158,1,0
BRDA:2,159,0,6
BRDA:2,159,1,0
BRDA:2,160,0,6
BRDA:2,160,1,5
BRDA:2,161,0,5
BRDA:2,161,1,5
BRDA:2,162,0,0
BRDA:2,162,1,0
BRDA:2,163,0,0
BRDA:2,163,1,0
BRDA:2,163,2,0
BRDA:2,164,0,0
BRDA:2,164,1,0
BRDA:2,165,0,0
BRDA:2,165,1,0
BRDA:2,166,0,0
BRDA:2,166,1,0
BRDA:2,167,0,0
BRDA:2,167,1,0
BRDA:2,168,0,0
BRDA:2,168,1,0
BRDA:2,168,2,0
BRDA:2,168,3,0
BRDA:2,168,4,0
BRDA:2,168,5,0
BRDA:2,169,0,0
BRDA:2,169,1,0
BRDA:2,170,0,0
BRDA:2,170,1,0
BRDA:2,171,0,0
BRDA:2,171,1,0
BRDA:2,172,0,0
BRDA:2,172,1,0
BRDA:2,173,0,0
BRDA:2,173,1,0
BRDA:2,174,0,0
BRDA:2,174,1,0
BRDA:2,175,0,1
BRDA:2,175,1,1
BRDA:2,175,2,1
BRDA:2,176,0,1
BRDA:2,176,1,0
BRDA:2,176,2,0
BRDA:2,176,3,0
BRDA:2,176,4,0
BRDA:2,176,5,0
BRDA:2,177,0,1
BRDA:2,177,1,1
BRDA:2,178,0,0
BRDA:2,178,1,0
BRDA:2,179,0,0
BRDA:2,179,1,0
BRDA:2,180,0,0
BRDA:2,180,1,0
BRDA:2,181,0,1
BRDA:2,181,1,0
BRDA:2,182,0,0
BRDA:2,182,1,0
BRDA:2,182,2,0
BRDA:2,183,0,0
BRDA:2,183,1,0
BRDA:2,184,0,1
BRDA:2,184,1,0
BRDA:2,185,0,0
BRDA:2,185,1,1
BRDA:2,186,0,0
BRDA:2,186,1,0
BRDA:2,187,0,1
BRDA:2,187,1,1
BRDA:2,188,0,1
BRDA:2,188,1,0
BRDA:2,189,0,1
BRDA:2,189,1,0
BRDA:2,190,0,1
BRDA:2,190,1,1
BRDA:2,191,0,0
BRDA:2,191,1,19
BRDA:2,192,0,3
BRDA:2,192,1,2
BRDA:2,193,0,0
BRDA:2,193,1,0
BRDA:2,194,0,0
BRDA:2,194,1,0
BRDA:2,195,0,1
BRDA:2,195,1,19
BRDA:2,196,0,0
BRDA:2,196,1,0
BRDA:2,197,0,0
BRDA:2,197,1,0
BRDA:2,198,0,0
BRDA:2,198,1,0
BRDA:2,198,2,0
BRDA:2,199,0,1
BRDA:2,199,1,0
BRDA:2,200,0,0
BRDA:2,200,1,3
BRDA:2,201,0,0
BRDA:2,201,1,1
BRDA:2,202,0,1
BRDA:2,202,1,1
BRDA:2,203,0,1
BRDA:2,203,1,1
BRDA:2,203,2,1
BRDA:2,203,3,1
BRDA:2,204,0,0
BRDA:2,204,1,0
BRDA:2,205,0,0
BRDA:2,205,1,0
BRDA:2,205,2,0
BRDA:2,206,0,0
BRDA:2,206,1,0
BRDA:2,207,0,39
BRDA:2,207,1,39
BRDA:2,207,2,39
BRDA:2,208,0,1
BRDA:2,208,1,38
BRDA:2,209,0,1
BRDA:2,209,1,1
BRDA:2,210,0,1
BRDA:2,210,1,0
BRDA:2,211,0,0
BRDA:2,211,1,0
BRDA:2,212,0,0
BRDA:2,212,1,0
BRDA:2,213,0,0
BRDA:2,213,1,0
BRDA:2,214,0,0
BRDA:2,214,1,0
BRDA:2,215,0,0
BRDA:2,215,1,0
BRDA:2,216,0,0
BRDA:2,216,1,0
BRDA:2,217,0,0
BRDA:2,217,1,0
BRDA:2,218,0,0
BRDA:2,218,1,0
BRDA:2,219,0,0
BRDA:2,219,1,0
BRDA:2,220,0,0
BRDA:2,220,1,0
BRDA:2,221,0,0
BRDA:2,221,1,0
BRDA:2,222,0,0
BRDA:2,222,1,0
BRDA:2,223,0,0
BRDA:2,223,1,0
BRDA:2,224,0,0
BRDA:2,224,1,0
BRDA:2,225,0,0
BRDA:2,225,1,0
BRDA:2,226,0,0
BRDA:2,226,1,0
BRDA:2,226,2,0
BRDA:2,227,0,0
BRDA:2,227,1,0
BRDA:2,228,0,0
BRDA:2,228,1,0
BRDA:2,229,0,0
BRDA:2,229,1,0
BRDA:2,230,0,0
BRDA:2,230,1,0
BRDA:2,231,0,1
BRDA:2,231,1,1
BRDA:2,232,0,1
BRDA:2,232,1,0
BRDA:2,233,0,1
BRDA:2,233,1,1
BRDA:2,234,0,0
BRDA:2,234,1,1
BRDA:2,235,0,1
BRDA:2,235,1,1
BRDA:2,236,0,1
BRDA:2,236,1,0
BRDA:2,237,0,1
BRDA:2,237,1,0
BRDA:2,238,0,1
BRDA:2,238,1,0
BRDA:2,239,0,1
BRDA:2,239,1,1
BRDA:2,240,0,1
BRDA:2,240,1,0
BRDA:2,241,0,0
BRDA:2,241,1,0
BRDA:2,241,2,0
BRDA:2,242,0,0
BRDA:2,242,1,0
BRDA:2,243,0,0
BRDA:2,243,1,0
BRDA:2,244,0,0
BRDA:2,244,1,0
BRDA:2,245,0,0
BRDA:2,245,1,0
BRDA:2,245,2,0
BRDA:2,245,3,0
BRDA:2,245,4,0
BRDA:2,246,0,0
BRDA:2,246,1,0
BRDA:2,247,0,0
BRDA:2,247,1,0
BRDA:2,247,2,0
BRDA:2,248,0,0
BRDA:2,248,1,0
BRDA:2,249,0,1
BRDA:2,249,1,0
BRDA:2,250,0,0
BRDA:2,250,1,0
BRDA:2,251,0,0
BRDA:2,251,1,0
BRDA:2,252,0,1
BRDA:2,252,1,1
BRDA:2,253,0,1
BRDA:2,253,1,1
BRDA:2,253,2,1
BRDA:2,253,3,1
BRDA:2,253,4,1
BRDA:2,254,0,1
BRDA:2,254,1,0
BRDA:2,254,2,1
BRDA:2,254,3,1
BRDA:2,254,4,1
BRDA:2,254,5,1
BRDA:2,254,6,1
BRDA:2,254,7,1
BRDA:2,254,8,1
BRDA:2,254,9,1
BRDA:2,254,10,1
BRDA:2,254,11,1
BRDA:2,254,12,1
BRDA:2,255,0,1
BRDA:2,255,1,1
BRDA:2,256,0,0
BRDA:2,256,1,0
BRDA:2,257,0,0
BRDA:2,257,1,0
BRDA:2,258,0,0
BRDA:2,258,1,1
BRDA:2,259,0,1
BRDA:2,259,1,1
BRDA:2,260,0,0
BRDA:2,260,1,1
BRDA:2,261,0,1
BRDA:2,261,1,1
BRDA:2,262,0,1
BRDA:2,262,1,1
BRDA:2,263,0,0
BRDA:2,263,1,0
BRDA:2,264,0,0
BRDA:2,264,1,0
BRDA:2,264,2,0
BRDA:2,265,0,0
BRDA:2,265,1,0
BRDA:2,266,0,0
BRDA:2,266,1,0
BRDA:2,267,0,0
BRDA:2,267,1,0
BRDA:2,268,0,1
BRDA:2,268,1,0
BRDA:2,269,0,0
BRDA:2,269,1,0
BRDA:2,270,0,0
BRDA:2,270,1,0
BRDA:2,271,0,1
BRDA:2,271,1,0
BRDA:2,272,0,1
BRDA:2,272,1,0
BRDA:2,273,0,0
BRDA:2,273,1,0
BRDA:2,274,0,0
BRDA:2,274,1,0
BRDA:2,275,0,0
BRDA:2,275,1,0
BRDA:2,276,0,0
BRDA:2,276,1,0
BRDA:2,277,0,1
BRDA:2,277,1,0
BRDA:2,278,0,0
BRDA:2,278,1,0
BRDA:2,279,0,0
BRDA:2,279,1,0
BRDA:2,280,0,1
BRDA:2,280,1,0
BRDA:2,281,0,1
BRDA:2,281,1,1
BRDA:2,281,2,1
BRDA:2,282,0,0
BRDA:2,282,1,0
BRDA:2,283,0,0
BRDA:2,283,1,0
BRDA:2,284,0,1
BRDA:2,284,1,0
BRDA:2,285,0,1
BRDA:2,285,1,0
BRDA:2,286,0,0
BRDA:2,286,1,0
BRDA:2,287,0,0
BRDA:2,287,1,0
BRDA:2,288,0,0
BRDA:2,288,1,0
BRDA:2,289,0,0
BRDA:2,289,1,0
BRDA:2,290,0,0
BRDA:2,290,1,0
BRDA:2,290,2,0
BRDA:2,291,0,0
BRDA:2,291,1,0
BRDA:2,291,2,0
BRDA:2,292,0,1
BRDA:2,292,1,0
BRDA:2,293,0,1
BRDA:2,293,1,1
BRDA:2,294,0,0
BRDA:2,294,1,1
BRDA:2,295,0,0
BRDA:2,295,1,0
BRDA:2,296,0,1
BRDA:2,296,1,0
BRDA:2,297,0,0
BRDA:2,297,1,0
BRDA:2,298,0,0
BRDA:2,298,1,0
BRDA:2,299,0,0
BRDA:2,299,1,0
BRDA:2,299,2,0
BRDA:2,300,0,0
BRDA:2,300,1,0
BRDA:2,301,0,1
BRDA:2,301,1,0
BRDA:2,302,0,0
BRDA:2,302,1,0
BRDA:2,303,0,0
BRDA:2,303,1,0
BRDA:2,303,2,0
BRDA:2,304,0,0
BRDA:2,304,1,0
BRDA:2,305,0,0
BRDA:2,305,1,0
BRDA:2,306,0,0
BRDA:2,306,1,0
BRDA:2,307,0,0
BRDA:2,307,1,0
BRDA:2,307,2,0
BRDA:2,308,0,1
BRDA:2,308,1,0
BRDA:2,309,0,0
BRDA:2,309,1,0
BRDA:2,310,0,0
BRDA:2,310,1,0
BRDA:2,311,0,0
BRDA:2,311,1,0
BRDA:2,312,0,20
BRDA:2,312,1,17
BRDA:2,313,0,20
BRDA:2,313,1,17
BRDA:2,314,0,20
BRDA:2,314,1,17
BRDA:2,315,0,1
BRDA:2,315,1,19
BRDA:2,316,0,20
BRDA:2,316,1,17
BRDA:2,317,0,20
BRDA:2,317,1,20
BRDA:2,318,0,20
BRDA:2,318,1,0
BRDA:2,319,0,20
BRDA:2,319,1,20
BRDA:2,319,2,20
BRDA:2,319,3,6
BRDA:2,320,0,20
BRDA:2,320,1,19
BRDA:2,321,0,19
BRDA:2,321,1,0
BRDA:2,322,0,20
BRDA:2,322,1,0
BRDA:2,323,0,0
BRDA:2,323,1,20
BRDA:2,324,0,0
BRDA:2,324,1,0
BRDA:2,324,2,0
BRDA:2,325,0,14
BRDA:2,325,1,6
BRDA:2,326,0,0
BRDA:2,326,1,0
BRDA:2,327,0,2
BRDA:2,327,1,2
BRDA:2,327,2,2
BRDA:2,328,0,0
BRDA:2,328,1,0
BRDA:2,329,0,0
BRDA:2,329,1,0
BRDA:2,330,0,0
BRDA:2,330,1,0
BRDA:2,331,0,1
BRDA:2,331,1,1
BRDA:2,332,0,1
BRDA:2,332,1,1
BRDA:2,332,2,1
BRDA:2,332,3,1
BRDA:2,332,4,1
BRDA:2,332,5,0
BRDA:2,333,0,0
BRDA:2,333,1,0
BRDA:2,334,0,0
BRDA:2,334,1,0
BRDA:2,335,0,0
BRDA:2,335,1,0
BRDA:2,336,0,0
BRDA:2,336,1,0
BRDA:2,337,0,0
BRDA:2,337,1,0
BRDA:2,338,0,0
BRDA:2,338,1,0
BRDA:2,338,2,0
BRDA:2,338,3,0
BRDA:2,338,4,0
BRDA:2,339,0,0
BRDA:2,339,1,0
BRDA:2,340,0,0
BRDA:2,340,1,0
BRDA:2,341,0,0
BRDA:2,341,1,0
BRDA:2,342,0,0
BRDA:2,342,1,0
BRDA:2,343,0,0
BRDA:2,343,1,0
BRDA:2,344,0,0
BRDA:2,344,1,0
BRDA:2,344,2,0
BRDA:2,345,0,0
BRDA:2,345,1,0
BRDA:2,346,0,0
BRDA:2,346,1,0
BRDA:2,346,2,0
BRDA:2,346,3,0
BRDA:2,347,0,0
BRDA:2,347,1,0
BRDA:2,348,0,0
BRDA:2,348,1,0
BRDA:2,349,0,0
BRDA:2,349,1,0
BRDA:2,350,0,0
BRDA:2,350,1,0
BRDA:2,351,0,0
BRDA:2,351,1,0
BRDA:2,352,0,0
BRDA:2,352,1,0
BRDA:2,353,0,0
BRDA:2,353,1,0
BRDA:2,354,0,0
BRDA:2,354,1,0
BRDA:2,355,0,1
BRDA:2,355,1,1
BRDA:2,356,0,1
BRDA:2,356,1,1
BRDA:2,357,0,1
BRDA:2,357,1,1
BRDA:2,357,2,1
BRDA:2,358,0,1
BRDA:2,358,1,1
BRDA:2,359,0,0
BRDA:2,359,1,1
BRDA:2,360,0,1
BRDA:2,360,1,1
BRDA:2,360,2,1
BRDA:2,360,3,0
BRDA:2,361,0,9
BRDA:2,361,1,9
BRDA:2,361,2,5
BRDA:2,362,0,2
BRDA:2,362,1,7
BRDA:2,363,0,3
BRDA:2,363,1,2
BRDA:2,364,0,1
BRDA:2,364,1,1
BRDA:2,365,0,9
BRDA:2,365,1,8
BRDA:2,366,0,2
BRDA:2,366,1,6
BRDA:2,367,0,0
BRDA:2,367,1,1
BRDA:2,368,0,0
BRDA:2,368,1,0
BRDA:2,369,0,0
BRDA:2,369,1,0
BRDA:2,370,0,0
BRDA:2,370,1,0
BRDA:2,371,0,0
BRDA:2,371,1,0
BRDA:2,372,0,0
BRDA:2,372,1,0
BRDA:2,373,0,0
BRDA:2,373,1,0
BRDA:2,374,0,0
BRDA:2,374,1,0
BRDA:2,374,2,0
BRDA:2,374,3,0
BRDA:2,374,4,0
BRDA:2,375,0,0
BRDA:2,375,1,0
BRDA:2,376,0,0
BRDA:2,376,1,0
BRDA:2,377,0,0
BRDA:2,377,1,0
BRDA:2,378,0,0
BRDA:2,378,1,0
BRDA:2,379,0,0
BRDA:2,379,1,0
BRDA:2,379,2,0
BRDA:2,380,0,0
BRDA:2,380,1,0
BRDA:2,381,0,0
BRDA:2,381,1,0
BRDA:2,382,0,0
BRDA:2,382,1,0
BRDA:2,383,0,0
BRDA:2,383,1,0
BRDA:2,383,2,0
BRDA:2,384,0,0
BRDA:2,384,1,0
BRDA:2,385,0,0
BRDA:2,385,1,0
BRDA:2,386,0,0
BRDA:2,386,1,0
BRDA:2,387,0,0
BRDA:2,387,1,0
BRDA:2,388,0,0
BRDA:2,388,1,0
BRDA:2,389,0,0
BRDA:2,389,1,0
BRDA:2,390,0,0
BRDA:2,390,1,0
BRDA:2,391,0,0
BRDA:2,391,1,0
BRDA:2,392,0,0
BRDA:2,392,1,0
BRDA:2,393,0,1
BRDA:2,393,1,0
BRDA:2,393,2,1
BRDA:2,394,0,0
BRDA:2,394,1,0
BRDA:2,395,0,0
BRDA:2,395,1,1
BRDA:2,396,0,0
BRDA:2,396,1,1
BRDA:2,397,0,1
BRDA:2,397,1,0
BRDA:2,398,0,1
BRDA:2,398,1,0
BRDA:2,399,0,1
BRDA:2,399,1,1
BRDA:2,400,0,0
BRDA:2,400,1,0
BRDA:2,401,0,0
BRDA:2,401,1,0
BRDA:2,401,2,0
BRDA:2,401,3,0
BRDA:2,401,4,0
BRDA:2,401,5,0
BRDA:2,402,0,0
BRDA:2,402,1,0
BRDA:2,403,0,0
BRDA:2,403,1,0
BRDA:2,404,0,0
BRDA:2,404,1,1
BRDA:2,405,0,1
BRDA:2,405,1,1
BRDA:2,406,0,1
BRDA:2,406,1,0
BRDA:2,407,0,1
BRDA:2,407,1,0
BRDA:2,408,0,0
BRDA:2,408,1,0
BRDA:2,409,0,0
BRDA:2,409,1,0
BRDA:2,410,0,0
BRDA:2,410,1,0
BRDA:2,411,0,0
BRDA:2,411,1,0
BRDA:2,412,0,0
BRDA:2,412,1,0
BRDA:2,413,0,0
BRDA:2,413,1,0
BRDA:2,414,0,0
BRDA:2,414,1,0
BRDA:2,415,0,0
BRDA:2,415,1,0
BRDA:2,416,0,0
BRDA:2,416,1,0
BRDA:2,417,0,0
BRDA:2,417,1,2
BRDA:2,418,0,1
BRDA:2,418,1,1
BRDA:2,418,2,1
BRDA:2,419,0,1
BRDA:2,419,1,1
BRDA:2,420,0,1
BRDA:2,420,1,0
BRDA:2,421,0,0
BRDA:2,421,1,0
BRDA:2,421,2,0
BRDA:2,422,0,8
BRDA:2,422,1,18
BRDA:2,423,0,26
BRDA:2,423,1,18
BRDA:2,423,2,0
BRDA:2,424,0,8
BRDA:2,424,1,0
BRDA:2,425,0,8
BRDA:2,425,1,8
BRDA:2,426,0,0
BRDA:2,426,1,0
BRDA:2,427,0,0
BRDA:2,427,1,0
BRDA:2,428,0,1
BRDA:2,428,1,0
BRDA:2,429,0,0
BRDA:2,429,1,0
BRDA:2,430,0,0
BRDA:2,430,1,0
BRDA:2,431,0,1
BRDA:2,431,1,1
BRDA:2,432,0,0
BRDA:2,432,1,0
BRDA:2,433,0,0
BRDA:2,433,1,0
BRDA:2,434,0,0
BRDA:2,434,1,0
BRDA:2,435,0,0
BRDA:2,435,1,0
BRDA:2,436,0,0
BRDA:2,436,1,0
BRDA:2,437,0,0
BRDA:2,437,1,0
BRDA:2,438,0,0
BRDA:2,438,1,0
BRDA:2,439,0,0
BRDA:2,439,1,0
BRDA:2,440,0,0
BRDA:2,440,1,0
BRDA:2,441,0,0
BRDA:2,441,1,0
BRDA:2,442,0,1
BRDA:2,442,1,1
BRDA:2,443,0,0
BRDA:2,443,1,0
BRDA:2,444,0,0
BRDA:2,444,1,0
BRDA:2,445,0,0
BRDA:2,445,1,0
BRDA:2,446,0,0
BRDA:2,446,1,0
BRDA:2,447,0,0
BRDA:2,447,1,0
BRDA:2,448,0,0
BRDA:2,448,1,0
BRDA:2,448,2,0
BRDA:2,448,3,0
BRDA:2,448,4,0
BRDA:2,448,5,0
BRDA:2,449,0,0
BRDA:2,449,1,0
BRDA:2,450,0,0
BRDA:2,450,1,0
BRDA:2,451,0,0
BRDA:2,451,1,0
BRDA:2,452,0,1
BRDA:2,452,1,0
BRDA:2,453,0,0
BRDA:2,453,1,0
BRDA:2,454,0,0
BRDA:2,454,1,0
BRDA:2,455,0,0
BRDA:2,455,1,0
BRDA:2,456,0,0
BRDA:2,456,1,0
BRDA:2,457,0,0
BRDA:2,457,1,0
BRDA:2,457,2,0
BRDA:2,457,3,0
BRDA:2,457,4,0
BRDA:2,457,5,0
BRDA:2,457,6,0
BRDA:2,458,0,0
BRDA:2,458,1,0
BRDA:2,459,0,1
BRDA:2,459,1,1
BRDA:2,459,2,1
BRDA:2,459,3,1
BRDA:2,460,0,0
BRDA:2,460,1,0
BRDA:2,461,0,0
BRDA:2,461,1,0
BRDA:2,462,0,0
BRDA:2,462,1,0
BRDA:2,463,0,0
BRDA:2,463,1,0
BRDA:2,464,0,0
BRDA:2,464,1,0
BRDA:2,465,0,0
BRDA:2,465,1,0
BRDA:2,466,0,0
BRDA:2,466,1,0
BRDA:2,467,0,0
BRDA:2,467,1,0
BRDA:2,468,0,0
BRDA:2,468,1,0
BRDA:2,469,0,1
BRDA:2,469,1,1
BRDA:2,469,2,0
BRDA:2,470,0,1
BRDA:2,470,1,0
BRDA:2,471,0,1
BRDA:2,471,1,0
BRDA:2,472,0,1
BRDA:2,472,1,1
BRDA:2,473,0,0
BRDA:2,473,1,0
BRDA:2,474,0,0
BRDA:2,474,1,0
BRDA:2,475,0,1
BRDA:2,475,1,1
BRDA:2,476,0,1
BRDA:2,476,1,0
BRDA:2,477,0,1
BRDA:2,477,1,1
BRDA:2,478,0,1
BRDA:2,478,1,1
BRDA:2,478,2,1
BRDA:2,479,0,0
BRDA:2,479,1,1
BRDA:2,480,0,1
BRDA:2,480,1,1
BRDA:2,481,0,0
BRDA:2,481,1,1
BRDA:2,482,0,1
BRDA:2,482,1,0
BRDA:2,483,0,1
BRDA:2,483,1,0
BRDA:2,484,0,1
BRDA:2,484,1,1
BRDA:2,485,0,0
BRDA:2,485,1,0
BRDA:2,485,2,0
BRDA:2,485,3,0
BRDA:2,486,0,1
BRDA:2,486,1,1
BRDA:2,487,0,0
BRDA:2,487,1,0
BRDA:2,488,0,0
BRDA:2,488,1,0
BRDA:2,489,0,0
BRDA:2,489,1,0
BRDA:2,490,0,0
BRDA:2,490,1,0
BRDA:2,491,0,0
BRDA:2,491,1,0
BRDA:2,492,0,0
BRDA:2,492,1,0
BRDA:2,493,0,0
BRDA:2,493,1,0
BRDA:2,494,0,0
BRDA:2,494,1,0
BRDA:2,495,0,0
BRDA:2,495,1,0
BRDA:2,496,0,0
BRDA:2,496,1,0
BRDA:2,497,0,0
BRDA:2,497,1,0
BRDA:2,498,0,0
BRDA:2,498,1,0
BRDA:2,499,0,0
BRDA:2,499,1,0
BRDA:2,499,2,0
BRDA:2,500,0,0
BRDA:2,500,1,0
BRDA:2,500,2,0
BRDA:2,501,0,0
BRDA:2,501,1,0
BRDA:2,502,0,0
BRDA:2,502,1,0
BRDA:2,503,0,0
BRDA:2,503,1,0
BRDA:2,504,0,0
BRDA:2,504,1,0
BRDA:2,505,0,0
BRDA:2,505,1,0
BRDA:2,506,0,0
BRDA:2,506,1,0
BRDA:2,507,0,0
BRDA:2,507,1,0
BRDA:2,508,0,0
BRDA:2,508,1,0
BRDA:2,509,0,0
BRDA:2,509,1,0
BRDA:2,510,0,0
BRDA:2,510,1,0
BRDA:2,511,0,0
BRDA:2,511,1,0
BRDA:2,512,0,0
BRDA:2,512,1,0
BRDA:2,513,0,0
BRDA:2,513,1,0
BRDA:2,514,0,0
BRDA:2,514,1,0
BRDA:2,515,0,0
BRDA:2,515,1,0
BRDA:2,516,0,0
BRDA:2,516,1,0
BRDA:2,517,0,0
BRDA:2,517,1,0
BRDA:2,518,0,0
BRDA:2,518,1,1
BRDA:2,519,0,1
BRDA:2,519,1,0
BRDA:2,520,0,0
BRDA:2,520,1,0
BRDA:2,521,0,0
BRDA:2,521,1,0
BRDA:2,522,0,0
BRDA:2,522,1,0
BRDA:2,523,0,0
BRDA:2,523,1,0
BRDA:2,524,0,0
BRDA:2,524,1,0
BRDA:2,525,0,0
BRDA:2,525,1,0
BRDA:2,526,0,0
BRDA:2,526,1,0
BRDA:2,526,2,0
BRDA:2,527,0,0
BRDA:2,527,1,0
BRDA:2,528,0,0
BRDA:2,528,1,0
BRDA:2,529,0,1
BRDA:2,529,1,1
BRDA:2,530,0,0
BRDA:2,530,1,0
BRDA:2,531,0,0
BRDA:2,531,1,0
BRDA:2,532,0,0
BRDA:2,532,1,0
BRDA:2,533,0,0
BRDA:2,533,1,0
BRDA:2,534,0,0
BRDA:2,534,1,0
BRDA:2,535,0,0
BRDA:2,535,1,0
BRDA:2,536,0,0
BRDA:2,536,1,0
BRDA:2,537,0,1
BRDA:2,537,1,0
BRDA:2,538,0,1
BRDA:2,538,1,1
BRDA:2,538,2,0
BRDA:2,539,0,0
BRDA:2,539,1,0
BRDA:2,540,0,0
BRDA:2,540,1,0
BRDA:2,540,2,0
BRDA:2,541,0,0
BRDA:2,541,1,0
BRDA:2,542,0,0
BRDA:2,542,1,0
BRDA:2,543,0,0
BRDA:2,543,1,0
BRDA:2,544,0,0
BRDA:2,544,1,0
BRDA:2,545,0,0
BRDA:2,545,1,0
BRDA:2,546,0,0
BRDA:2,546,1,0
BRDA:2,547,0,0
BRDA:2,547,1,0
BRDA:2,548,0,1
BRDA:2,548,1,1
BRDA:2,549,0,0
BRDA:2,549,1,0
BRDA:2,550,0,0
BRDA:2,550,1,0
BRDA:2,551,0,0
BRDA:2,551,1,0
BRDA:2,552,0,0
BRDA:2,552,1,0
BRDA:2,553,0,0
BRDA:2,553,1,0
BRDA:2,553,2,0
BRDA:2,554,0,0
BRDA:2,554,1,0
BRDA:2,555,0,0
BRDA:2,555,1,0
BRDA:2,556,0,0
BRDA:2,556,1,0
BRDA:2,557,0,0
BRDA:2,557,1,0
BRDA:2,558,0,0
BRDA:2,558,1,0
BRDA:2,559,0,0
BRDA:2,559,1,0
BRDA:2,560,0,0
BRDA:2,560,1,0
BRDA:2,561,0,0
BRDA:2,561,1,0
BRDA:2,562,0,0
BRDA:2,562,1,0
BRDA:2,563,0,0
BRDA:2,563,1,0
BRDA:2,564,0,1
BRDA:2,564,1,1
BRDA:2,564,2,1
BRDA:2,565,0,1
BRDA:2,565,1,1
BRDA:2,566,0,0
BRDA:2,566,1,1
BRDA:2,567,0,1
BRDA:2,567,1,1
BRDA:2,567,2,1
BRDA:2,567,3,1
BRDA:2,568,0,0
BRDA:2,568,1,0
BRDA:2,569,0,0
BRDA:2,569,1,0
BRDA:2,570,0,0
BRDA:2,570,1,0
BRDA:2,571,0,0
BRDA:2,571,1,0
BRDA:2,572,0,0
BRDA:2,572,1,0
BRDA:2,573,0,0
BRDA:2,573,1,0
BRDA:2,574,0,0
BRDA:2,574,1,0
BRDA:2,575,0,0
BRDA:2,575,1,0
BRDA:2,576,0,1
BRDA:2,576,1,1
BRDA:2,577,0,1
BRDA:2,577,1,0
BRDA:2,577,2,0
BRDA:2,578,0,0
BRDA:2,578,1,1
BRDA:2,579,0,1
BRDA:2,579,1,1
BRDA:2,580,0,0
BRDA:2,580,1,0
BRDA:2,581,0,0
BRDA:2,581,1,0
BRDA:2,581,2,0
BRDA:2,582,0,0
BRDA:2,582,1,0
BRDA:2,583,0,0
BRDA:2,583,1,0
BRDA:2,584,0,0
BRDA:2,584,1,0
BRDA:2,585,0,0
BRDA:2,585,1,0
BRDA:2,586,0,0
BRDA:2,586,1,0
BRDA:2,586,2,0
BRDA:2,587,0,0
BRDA:2,587,1,0
BRDA:2,588,0,0
BRDA:2,588,1,0
BRDA:2,588,2,0
BRDA:2,589,0,0
BRDA:2,589,1,0
BRDA:2,589,2,0
BRDA:2,590,0,0
BRDA:2,590,1,0
BRDA:2,590,2,0
BRDA:2,591,0,0
BRDA:2,591,1,0
BRDA:2,591,2,0
BRDA:2,591,3,0
BRDA:2,591,4,0
BRDA:2,592,0,0
BRDA:2,592,1,0
BRDA:2,593,0,0
BRDA:2,593,1,0
BRDA:2,593,2,0
BRDA:2,594,0,0
BRDA:2,594,1,0
BRDA:2,594,2,0
BRDA:2,594,3,0
BRDA:2,594,4,0
BRDA:2,595,0,0
BRDA:2,595,1,0
BRDA:2,595,2,0
BRDA:2,596,0,0
BRDA:2,596,1,0
BRDA:2,597,0,0
BRDA:2,597,1,0
BRDA:2,597,2,0
BRDA:2,597,3,0
BRDA:2,598,0,0
BRDA:2,598,1,1
BRDA:2,599,0,1
BRDA:2,599,1,0
BRDA:2,600,0,0
BRDA:2,600,1,0
BRDA:2,601,0,0
BRDA:2,601,1,0
BRDA:2,602,0,0
BRDA:2,602,1,0
BRDA:2,603,0,0
BRDA:2,603,1,0
BRDA:2,604,0,0
BRDA:2,604,1,0
BRDA:2,604,2,0
BRDA:2,605,0,0
BRDA:2,605,1,0
BRDA:2,605,2,0
BRDA:2,606,0,0
BRDA:2,606,1,0
BRDA:2,607,0,0
BRDA:2,607,1,0
BRDA:2,608,0,0
BRDA:2,608,1,0
BRDA:2,609,0,0
BRDA:2,609,1,0
BRDA:2,610,0,0
BRDA:2,610,1,0
BRDA:2,611,0,0
BRDA:2,611,1,0
BRDA:2,612,0,1
BRDA:2,612,1,1
BRDA:2,613,0,1
BRDA:2,613,1,1
BRDA:2,614,0,1
BRDA:2,614,1,1
BRDA:2,614,2,1
BRDA:2,615,0,0
BRDA:2,615,1,0
BRDA:2,616,0,0
BRDA:2,616,1,0
BRDA:2,616,2,0
BRDA:2,617,0,0
BRDA:2,617,1,0
BRDA:2,618,0,0
BRDA:2,618,1,0
BRDA:2,619,0,0
BRDA:2,619,1,0
BRDA:2,620,0,0
BRDA:2,620,1,3
BRDA:2,621,0,3
BRDA:2,621,1,3
BRDA:2,622,0,31
BRDA:2,622,1,2
BRDA:2,623,0,2
BRDA:2,623,1,2
BRDA:2,624,0,28
BRDA:2,624,1,4
BRDA:2,625,0,0
BRDA:2,625,1,28
BRDA:2,626,0,3
BRDA:2,626,1,25
BRDA:2,627,0,28
BRDA:2,627,1,0
BRDA:2,628,0,0
BRDA:2,628,1,9
BRDA:2,629,0,31
BRDA:2,629,1,27
BRDA:2,630,0,1
BRDA:2,630,1,1
BRDA:2,631,0,1
BRDA:2,631,1,1
BRDA:2,632,0,0
BRDA:2,632,1,0
BRDA:2,633,0,0
BRDA:2,633,1,0
BRDA:2,634,0,0
BRDA:2,634,1,0
BRDA:2,635,0,0
BRDA:2,635,1,0
BRDA:2,636,0,0
BRDA:2,636,1,0
BRDA:2,637,0,0
BRDA:2,637,1,0
BRDA:2,638,0,0
BRDA:2,638,1,0
BRDA:2,639,0,0
BRDA:2,639,1,0
BRDA:2,640,0,0
BRDA:2,640,1,0
BRDA:2,641,0,0
BRDA:2,641,1,0
BRDA:2,642,0,0
BRDA:2,642,1,0
BRDA:2,643,0,0
BRDA:2,643,1,0
BRDA:2,643,2,0
BRDA:2,644,0,0
BRDA:2,644,1,0
BRDA:2,645,0,0
BRDA:2,645,1,0
BRDA:2,646,0,0
BRDA:2,646,1,0
BRDA:2,647,0,0
BRDA:2,647,1,0
BRDA:2,648,0,0
BRDA:2,648,1,0
BRDA:2,649,0,0
BRDA:2,649,1,1
BRDA:2,650,0,0
BRDA:2,650,1,0
BRDA:2,651,0,0
BRDA:2,651,1,0
BRDA:2,652,0,0
BRDA:2,652,1,0
BRDA:2,653,0,0
BRDA:2,653,1,0
BRDA:2,654,0,0
BRDA:2,654,1,0
BRDA:2,655,0,0
BRDA:2,655,1,0
BRDA:2,656,0,0
BRDA:2,656,1,0
BRDA:2,657,0,0
BRDA:2,657,1,0
BRDA:2,658,0,0
BRDA:2,658,1,0
BRDA:2,659,0,1
BRDA:2,659,1,0
BRDA:2,660,0,0
BRDA:2,660,1,0
BRDA:2,661,0,0
BRDA:2,661,1,0
BRDA:2,662,0,0
BRDA:2,662,1,0
BRDA:2,663,0,0
BRDA:2,663,1,0
BRDA:2,664,0,0
BRDA:2,664,1,0
BRDA:2,665,0,0
BRDA:2,665,1,0
BRDA:2,666,0,0
BRDA:2,666,1,0
BRDA:2,667,0,0
BRDA:2,667,1,0
BRDA:2,668,0,0
BRDA:2,668,1,0
BRDA:2,669,0,0
BRDA:2,669,1,0
BRDA:2,670,0,0
BRDA:2,670,1,0
BRDA:2,671,0,0
BRDA:2,671,1,0
BRDA:2,672,0,0
BRDA:2,672,1,0
BRDA:2,673,0,0
BRDA:2,673,1,0
BRDA:2,674,0,0
BRDA:2,674,1,0
BRDA:2,674,2,0
BRDA:2,675,0,0
BRDA:2,675,1,0
BRDA:2,676,0,0
BRDA:2,676,1,0
BRDA:2,677,0,0
BRDA:2,677,1,0
BRDA:2,678,0,0
BRDA:2,678,1,0
BRDA:2,679,0,0
BRDA:2,679,1,0
BRDA:2,680,0,0
BRDA:2,680,1,0
BRDA:2,680,2,0
BRDA:2,681,0,0
BRDA:2,681,1,0
BRDA:2,681,2,0
BRDA:2,681,3,0
BRDA:2,681,4,0
BRDA:2,682,0,0
BRDA:2,682,1,0
BRDA:2,682,2,0
BRDA:2,682,3,0
BRDA:2,682,4,0
BRDA:2,682,5,0
BRDA:2,682,6,0
BRDA:2,683,0,0
BRDA:2,683,1,0
BRDA:2,684,0,0
BRDA:2,684,1,0
BRDA:2,685,0,0
BRDA:2,685,1,0
BRDA:2,686,0,0
BRDA:2,686,1,0
BRDA:2,687,0,0
BRDA:2,687,1,0
BRDA:2,688,0,0
BRDA:2,688,1,0
BRDA:2,689,0,0
BRDA:2,689,1,0
BRDA:2,690,0,0
BRDA:2,690,1,0
BRDA:2,690,2,0
BRDA:2,690,3,0
BRDA:2,690,4,0
BRDA:2,690,5,0
BRDA:2,690,6,0
BRDA:2,690,7,0
BRDA:2,690,8,0
BRDA:2,690,9,0
BRDA:2,690,10,0
BRDA:2,690,11,0
BRDA:2,690,12,0
BRDA:2,690,13,0
BRDA:2,690,14,0
BRDA:2,690,15,0
BRDA:2,690,16,0
BRDA:2,690,17,0
BRDA:2,690,18,0
BRDA:2,690,19,0
BRDA:2,690,20,0
BRDA:2,691,0,0
BRDA:2,691,1,0
BRDA:2,692,0,0
BRDA:2,692,1,0
BRDA:2,693,0,0
BRDA:2,693,1,0
BRDA:2,694,0,0
BRDA:2,694,1,0
BRDA:2,695,0,0
BRDA:2,695,1,0
BRDA:2,695,2,0
BRDA:2,695,3,0
BRDA:2,695,4,0
BRDA:2,696,0,0
BRDA:2,696,1,0
BRDA:2,697,0,0
BRDA:2,697,1,0
BRDA:2,698,0,0
BRDA:2,698,1,0
BRDA:2,699,0,0
BRDA:2,699,1,0
BRDA:2,699,2,0
BRDA:2,699,3,0
BRDA:2,699,4,0
BRDA:2,699,5,0
BRDA:2,699,6,0
BRDA:2,700,0,0
BRDA:2,700,1,0
BRDA:2,701,0,0
BRDA:2,701,1,0
BRDA:2,701,2,0
BRDA:2,702,0,0
BRDA:2,702,1,0
BRDA:2,703,0,0
BRDA:2,703,1,0
BRDA:2,704,0,0
BRDA:2,704,1,0
BRDA:2,704,2,0
BRDA:2,705,0,0
BRDA:2,705,1,0
BRDA:2,706,0,0
BRDA:2,706,1,0
BRDA:2,707,0,0
BRDA:2,707,1,0
BRDA:2,708,0,0
BRDA:2,708,1,0
BRDA:2,708,2,0
BRDA:2,709,0,0
BRDA:2,709,1,0
BRDA:2,710,0,0
BRDA:2,710,1,0
BRDA:2,711,0,0
BRDA:2,711,1,0
BRDA:2,712,0,0
BRDA:2,712,1,0
BRDA:2,713,0,0
BRDA:2,713,1,0
BRDA:2,714,0,0
BRDA:2,714,1,0
BRDA:2,715,0,0
BRDA:2,715,1,0
BRDA:2,716,0,0
BRDA:2,716,1,0
BRDA:2,717,0,0
BRDA:2,717,1,0
BRDA:2,717,2,0
BRDA:2,718,0,0
BRDA:2,718,1,0
BRDA:2,719,0,0
BRDA:2,719,1,0
BRDA:2,720,0,0
BRDA:2,720,1,0
BRDA:2,721,0,0
BRDA:2,721,1,0
BRDA:2,721,2,0
BRDA:2,722,0,0
BRDA:2,722,1,0
BRDA:2,723,0,0
BRDA:2,723,1,0
BRDA:2,724,0,0
BRDA:2,724,1,0
BRDA:2,725,0,0
BRDA:2,725,1,0
BRDA:2,726,0,0
BRDA:2,726,1,0
BRDA:2,727,0,0
BRDA:2,727,1,0
BRDA:2,728,0,0
BRDA:2,728,1,0
BRDA:2,729,0,0
BRDA:2,729,1,0
BRDA:2,730,0,0
BRDA:2,730,1,0
BRDA:2,731,0,0
BRDA:2,731,1,0
BRDA:2,732,0,0
BRDA:2,732,1,0
BRDA:2,733,0,0
BRDA:2,733,1,0
BRDA:2,733,2,0
BRDA:2,733,3,0
BRDA:2,733,4,0
BRDA:2,733,5,0
BRDA:2,734,0,0
BRDA:2,734,1,0
BRDA:2,735,0,0
BRDA:2,735,1,0
BRDA:2,736,0,0
BRDA:2,736,1,0
BRDA:2,737,0,0
BRDA:2,737,1,0
BRDA:2,738,0,0
BRDA:2,738,1,0
BRDA:2,739,0,0
BRDA:2,739,1,0
BRDA:2,740,0,0
BRDA:2,740,1,0
BRDA:2,741,0,0
BRDA:2,741,1,0
BRDA:2,741,2,0
BRDA:2,741,3,0
BRDA:2,741,4,0
BRDA:2,741,5,0
BRDA:2,742,0,0
BRDA:2,742,1,0
BRDA:2,743,0,0
BRDA:2,743,1,0
BRDA:2,744,0,0
BRDA:2,744,1,0
BRDA:2,745,0,0
BRDA:2,745,1,0
BRDA:2,745,2,0
BRDA:2,745,3,0
BRDA:2,746,0,0
BRDA:2,746,1,0
BRDA:2,747,0,0
BRDA:2,747,1,0
BRDA:2,748,0,0
BRDA:2,748,1,0
BRDA:2,749,0,0
BRDA:2,749,1,0
BRDA:2,750,0,0
BRDA:2,750,1,0
BRDA:2,751,0,0
BRDA:2,751,1,0
BRDA:2,752,0,0
BRDA:2,752,1,0
BRDA:2,753,0,0
BRDA:2,753,1,0
BRDA:2,754,0,0
BRDA:2,754,1,0
BRDA:2,755,0,0
BRDA:2,755,1,0
BRDA:2,755,2,0
BRDA:2,755,3,0
BRDA:2,755,4,0
BRDA:2,755,5,0
BRDA:2,755,6,0
BRDA:2,756,0,0
BRDA:2,756,1,0
BRDA:2,757,0,0
BRDA:2,757,1,0
BRDA:2,758,0,0
BRDA:2,758,1,0
BRDA:2,759,0,0
BRDA:2,759,1,0
BRDA:2,760,0,0
BRDA:2,760,1,0
BRDA:2,761,0,0
BRDA:2,761,1,0
BRDA:2,762,0,0
BRDA:2,762,1,0
BRDA:2,763,0,0
BRDA:2,763,1,0
BRDA:2,764,0,0
BRDA:2,764,1,0
BRDA:2,765,0,0
BRDA:2,765,1,0
BRDA:2,766,0,0
BRDA:2,766,1,0
BRDA:2,767,0,0
BRDA:2,767,1,0
BRDA:2,768,0,0
BRDA:2,768,1,0
BRDA:2,769,0,0
BRDA:2,769,1,0
BRDA:2,770,0,0
BRDA:2,770,1,0
BRDA:2,771,0,0
BRDA:2,771,1,0
BRDA:2,771,2,0
BRDA:2,771,3,0
BRDA:2,772,0,0
BRDA:2,772,1,0
BRDA:2,773,0,0
BRDA:2,773,1,0
BRDA:2,774,0,0
BRDA:2,774,1,0
BRDA:2,774,2,0
BRDA:2,774,3,0
BRDA:2,774,4,0
BRDA:2,775,0,0
BRDA:2,775,1,0
BRDA:2,776,0,0
BRDA:2,776,1,0
BRDA:2,777,0,0
BRDA:2,777,1,0
BRDA:2,778,0,0
BRDA:2,778,1,0
BRDA:2,779,0,0
BRDA:2,779,1,0
BRDA:2,780,0,0
BRDA:2,780,1,0
BRDA:2,781,0,0
BRDA:2,781,1,0
BRDA:2,782,0,0
BRDA:2,782,1,0
BRDA:2,783,0,0
BRDA:2,783,1,0
BRDA:2,784,0,0
BRDA:2,784,1,0
BRDA:2,785,0,0
BRDA:2,785,1,0
BRDA:2,786,0,0
BRDA:2,786,1,0
BRDA:2,787,0,0
BRDA:2,787,1,0
BRDA:2,788,0,0
BRDA:2,788,1,0
BRDA:2,789,0,0
BRDA:2,789,1,0
BRDA:2,790,0,0
BRDA:2,790,1,0
BRDA:2,791,0,0
BRDA:2,791,1,0
BRDA:2,792,0,0
BRDA:2,792,1,0
BRDA:2,792,2,0
BRDA:2,792,3,0
BRDA:2,792,4,0
BRDA:2,792,5,0
BRDA:2,792,6,0
BRDA:2,793,0,0
BRDA:2,793,1,0
BRDA:2,794,0,0
BRDA:2,794,1,0
BRDA:2,795,0,0
BRDA:2,795,1,0
BRDA:2,795,2,0
BRDA:2,795,3,0
BRDA:2,796,0,0
BRDA:2,796,1,0
BRDA:2,796,2,0
BRDA:2,796,3,0
BRDA:2,797,0,0
BRDA:2,797,1,0
BRDA:2,798,0,0
BRDA:2,798,1,0
BRDA:2,798,2,0
BRDA:2,798,3,0
BRDA:2,799,0,0
BRDA:2,799,1,0
BRDA:2,799,2,0
BRDA:2,799,3,0
BRDA:2,800,0,0
BRDA:2,800,1,0
BRDA:2,801,0,0
BRDA:2,801,1,0
BRDA:2,801,2,0
BRDA:2,801,3,0
BRDA:2,802,0,0
BRDA:2,802,1,0
BRDA:2,803,0,0
BRDA:2,803,1,0
BRDA:2,804,0,0
BRDA:2,804,1,0
BRDA:2,805,0,0
BRDA:2,805,1,0
BRDA:2,806,0,0
BRDA:2,806,1,0
BRDA:2,807,0,0
BRDA:2,807,1,0
BRDA:2,808,0,0
BRDA:2,808,1,0
BRDA:2,809,0,0
BRDA:2,809,1,0
BRDA:2,810,0,0
BRDA:2,810,1,0
BRDA:2,811,0,0
BRDA:2,811,1,0
BRDA:2,812,0,0
BRDA:2,812,1,0
BRDA:2,813,0,0
BRDA:2,813,1,0
BRDA:2,814,0,0
BRDA:2,814,1,0
BRDA:2,815,0,0
BRDA:2,815,1,0
BRDA:2,816,0,0
BRDA:2,816,1,0
BRDA:2,817,0,0
BRDA:2,817,1,0
BRDA:2,818,0,0
BRDA:2,818,1,0
BRDA:2,819,0,0
BRDA:2,819,1,0
BRDA:2,820,0,0
BRDA:2,820,1,0
BRDA:2,821,0,0
BRDA:2,821,1,0
BRDA:2,822,0,0
BRDA:2,822,1,0
BRDA:2,823,0,0
BRDA:2,823,1,0
BRDA:2,824,0,0
BRDA:2,824,1,0
BRDA:2,825,0,0
BRDA:2,825,1,0
BRDA:2,826,0,0
BRDA:2,826,1,0
BRDA:2,827,0,0
BRDA:2,827,1,0
BRDA:2,828,0,0
BRDA:2,828,1,0
BRDA:2,829,0,0
BRDA:2,829,1,0
BRDA:2,830,0,0
BRDA:2,830,1,0
BRDA:2,831,0,0
BRDA:2,831,1,0
BRDA:2,832,0,0
BRDA:2,832,1,0
BRDA:2,833,0,0
BRDA:2,833,1,0
BRDA:2,833,2,0
BRDA:2,834,0,0
BRDA:2,834,1,0
BRDA:2,835,0,0
BRDA:2,835,1,0
BRDA:2,836,0,0
BRDA:2,836,1,0
BRDA:2,837,0,0
BRDA:2,837,1,0
BRDA:2,838,0,0
BRDA:2,838,1,0
BRDA:2,839,0,0
BRDA:2,839,1,0
BRDA:2,840,0,0
BRDA:2,840,1,0
BRDA:2,841,0,0
BRDA:2,841,1,0
BRDA:2,842,0,0
BRDA:2,842,1,0
BRDA:2,843,0,0
BRDA:2,843,1,0
BRDA:2,844,0,0
BRDA:2,844,1,0
BRDA:2,845,0,0
BRDA:2,845,1,0
BRDA:2,846,0,0
BRDA:2,846,1,0
BRDA:2,846,2,0
BRDA:2,847,0,0
BRDA:2,847,1,0
BRDA:2,848,0,0
BRDA:2,848,1,0
BRDA:2,849,0,0
BRDA:2,849,1,0
BRDA:2,849,2,0
BRDA:2,850,0,0
BRDA:2,850,1,0
BRDA:2,851,0,0
BRDA:2,851,1,0
BRDA:2,852,0,0
BRDA:2,852,1,0
BRDA:2,853,0,0
BRDA:2,853,1,0
BRDA:2,854,0,0
BRDA:2,854,1,0
BRDA:2,855,0,0
BRDA:2,855,1,0
BRDA:2,856,0,0
BRDA:2,856,1,0
BRDA:2,857,0,0
BRDA:2,857,1,0
BRDA:2,858,0,0
BRDA:2,858,1,0
BRDA:2,859,0,0
BRDA:2,859,1,0
BRDA:2,859,2,0
BRDA:2,860,0,0
BRDA:2,860,1,0
BRDA:2,861,0,0
BRDA:2,861,1,0
BRDA:2,861,2,0
BRDA:2,861,3,0
BRDA:2,861,4,0
BRDA:2,862,0,0
BRDA:2,862,1,0
BRDA:2,863,0,0
BRDA:2,863,1,0
BRDA:2,864,0,0
BRDA:2,864,1,0
BRDA:2,865,0,0
BRDA:2,865,1,0
BRDA:2,866,0,0
BRDA:2,866,1,0
BRDA:2,867,0,0
BRDA:2,867,1,0
BRDA:2,868,0,0
BRDA:2,868,1,0
BRDA:2,869,0,0
BRDA:2,869,1,0
BRDA:2,870,0,0
BRDA:2,870,1,0
BRDA:2,871,0,0
BRDA:2,871,1,0
BRDA:2,872,0,0
BRDA:2,872,1,0
BRDA:2,873,0,0
BRDA:2,873,1,0
BRDA:2,874,0,0
BRDA:2,874,1,0
BRDA:2,875,0,0
BRDA:2,875,1,0
BRDA:2,876,0,0
BRDA:2,876,1,0
BRDA:2,877,0,0
BRDA:2,877,1,0
BRDA:2,878,0,0
BRDA:2,878,1,0
BRDA:2,879,0,0
BRDA:2,879,1,0
BRDA:2,880,0,0
BRDA:2,880,1,0
BRDA:2,881,0,0
BRDA:2,881,1,0
BRDA:2,882,0,0
BRDA:2,882,1,0
BRDA:2,883,0,0
BRDA:2,883,1,0
BRDA:2,884,0,0
BRDA:2,884,1,0
BRDA:2,885,0,0
BRDA:2,885,1,0
BRDA:2,886,0,0
BRDA:2,886,1,0
BRDA:2,887,0,0
BRDA:2,887,1,0
BRDA:2,888,0,0
BRDA:2,888,1,0
BRDA:2,889,0,0
BRDA:2,889,1,0
BRDA:2,890,0,0
BRDA:2,890,1,0
BRDA:2,891,0,0
BRDA:2,891,1,0
BRDA:2,892,0,0
BRDA:2,892,1,0
BRDA:2,893,0,0
BRDA:2,893,1,0
BRDA:2,894,0,0
BRDA:2,894,1,0
BRDA:2,895,0,0
BRDA:2,895,1,0
BRDA:2,896,0,0
BRDA:2,896,1,0
BRDA:2,897,0,0
BRDA:2,897,1,0
BRDA:2,898,0,12
BRDA:2,898,1,10
BRDA:2,899,0,1
BRDA:2,899,1,0
BRDA:2,900,0,1
BRDA:2,900,1,1
BRDA:2,901,0,1
BRDA:2,901,1,1
BRDA:2,902,0,1
BRDA:2,902,1,1
BRDA:2,903,0,0
BRDA:2,903,1,0
BRDA:2,904,0,0
BRDA:2,904,1,0
BRDA:2,905,0,0
BRDA:2,905,1,1
BRDA:2,906,0,1
BRDA:2,906,1,0
BRDA:2,907,0,0
BRDA:2,907,1,0
BRDA:2,908,0,0
BRDA:2,908,1,0
BRDA:2,909,0,7
BRDA:2,909,1,7
BRDA:2,910,0,7
BRDA:2,910,1,7
BRDA:2,911,0,0
BRDA:2,911,1,0
BRDA:2,911,2,0
BRDA:2,912,0,0
BRDA:2,912,1,18
BRDA:2,913,0,0
BRDA:2,913,1,4
BRDA:2,914,0,0
BRDA:2,914,1,4
BRDA:2,915,0,3
BRDA:2,915,1,1
BRDA:2,916,0,15
BRDA:2,916,1,0
BRDA:2,916,2,0
BRDA:2,916,3,0
BRDA:2,917,0,15
BRDA:2,917,1,0
BRDA:2,918,0,0
BRDA:2,918,1,0
BRDA:2,919,0,0
BRDA:2,919,1,0
BRDA:2,919,2,0
BRDA:2,920,0,0
BRDA:2,920,1,0
BRDA:2,921,0,0
BRDA:2,921,1,0
BRDA:2,922,0,0
BRDA:2,922,1,0
BRDA:2,923,0,0
BRDA:2,923,1,0
BRDA:2,923,2,0
BRDA:2,924,0,0
BRDA:2,924,1,0
BRDA:2,925,0,0
BRDA:2,925,1,0
BRDA:2,926,0,0
BRDA:2,926,1,0
BRDA:2,927,0,0
BRDA:2,927,1,0
BRDA:2,927,2,0
BRDA:2,928,0,0
BRDA:2,928,1,0
BRDA:2,929,0,0
BRDA:2,929,1,0
BRDA:2,930,0,0
BRDA:2,930,1,0
BRDA:2,931,0,0
BRDA:2,931,1,0
BRDA:2,932,0,1
BRDA:2,932,1,1
BRDA:2,933,0,0
BRDA:2,933,1,0
BRDA:2,934,0,0
BRDA:2,934,1,0
BRDA:2,935,0,1
BRDA:2,935,1,14
BRDA:2,936,0,3
BRDA:2,936,1,3
BRDA:2,937,0,3
BRDA:2,937,1,3
BRDA:2,938,0,0
BRDA:2,938,1,0
BRDA:2,939,0,0
BRDA:2,939,1,0
BRDA:2,940,0,0
BRDA:2,940,1,0
BRDA:2,941,0,0
BRDA:2,941,1,0
BRDA:2,942,0,0
BRDA:2,942,1,0
BRDA:2,942,2,0
BRDA:2,942,3,0
BRDA:2,942,4,0
BRDA:2,943,0,1
BRDA:2,943,1,1
BRDA:2,944,0,0
BRDA:2,944,1,0
BRDA:2,945,0,1
BRDA:2,945,1,0
BRDA:2,946,0,1
BRDA:2,946,1,1
BRDA:2,947,0,0
BRDA:2,947,1,0
BRDA:2,948,0,0
BRDA:2,948,1,0
BRDA:2,948,2,0
BRDA:2,948,3,0
BRDA:2,949,0,0
BRDA:2,949,1,30
BRDA:2,950,0,9
BRDA:2,950,1,9
BRDA:2,951,0,9
BRDA:2,951,1,9
BRDA:2,952,0,15
BRDA:2,952,1,0
BRDA:2,952,2,0
BRDA:2,952,3,0
BRDA:2,953,0,15
BRDA:2,953,1,0
BRDA:2,954,0,0
BRDA:2,954,1,0
BRDA:2,955,0,0
BRDA:2,955,1,0
BRDA:2,955,2,0
BRDA:2,956,0,0
BRDA:2,956,1,0
BRDA:2,957,0,0
BRDA:2,957,1,0
BRDA:2,958,0,0
BRDA:2,958,1,0
BRDA:2,959,0,0
BRDA:2,959,1,0
BRDA:2,959,2,0
BRDA:2,960,0,0
BRDA:2,960,1,0
BRDA:2,961,0,0
BRDA:2,961,1,0
BRDA:2,962,0,0
BRDA:2,962,1,0
BRDA:2,963,0,0
BRDA:2,963,1,0
BRDA:2,963,2,0
BRDA:2,964,0,0
BRDA:2,964,1,0
BRDA:2,965,0,0
BRDA:2,965,1,0
BRDA:2,966,0,0
BRDA:2,966,1,0
BRDA:2,967,0,0
BRDA:2,967,1,0
BRDA:2,968,0,0
BRDA:2,968,1,0
BRDA:2,968,2,0
BRDA:2,969,0,0
BRDA:2,969,1,0
BRDA:2,970,0,0
BRDA:2,970,1,30
BRDA:2,971,0,30
BRDA:2,971,1,30
BRDA:2,971,2,30
BRDA:2,971,3,30
BRDA:2,971,4,30
BRDA:2,971,5,30
BRDA:2,971,6,30
BRDA:2,971,7,30
BRDA:2,972,0,2
BRDA:2,972,1,1
BRDA:2,973,0,3
BRDA:2,973,1,2
BRDA:2,974,0,4
BRDA:2,974,1,0
BRDA:2,975,0,0
BRDA:2,975,1,4
BRDA:2,976,0,0
BRDA:2,976,1,0
BRDA:2,977,0,30
BRDA:2,977,1,0
BRDA:2,977,2,0
BRDA:2,978,0,0
BRDA:2,978,1,30
BRDA:2,979,0,0
BRDA:2,979,1,30
BRDA:2,980,0,15
BRDA:2,980,1,15
BRDA:2,981,0,0
BRDA:2,981,1,15
BRDA:2,982,0,1
BRDA:2,982,1,1
BRDA:2,983,0,0
BRDA:2,983,1,0
BRDA:2,984,0,0
BRDA:2,984,1,0
BRDA:2,984,2,0
BRDA:2,985,0,0
BRDA:2,985,1,0
BRDA:2,986,0,0
BRDA:2,986,1,0
BRDA:2,987,0,0
BRDA:2,987,1,0
BRDA:2,988,0,0
BRDA:2,988,1,0
BRDA:2,988,2,0
BRDA:2,988,3,0
BRDA:2,989,0,0
BRDA:2,989,1,0
BRDA:2,990,0,0
BRDA:2,990,1,0
BRDA:2,991,0,0
BRDA:2,991,1,0
BRDA:2,991,2,0
BRDA:2,992,0,1
BRDA:2,992,1,0
BRDA:2,993,0,1
BRDA:2,993,1,0
BRDA:2,994,0,0
BRDA:2,994,1,1
BRDA:2,995,0,1
BRDA:2,995,1,0
BRDA:2,996,0,0
BRDA:2,996,1,0
BRDA:2,997,0,0
BRDA:2,997,1,0
BRDA:2,998,0,0
BRDA:2,998,1,0
BRDA:2,999,0,0
BRDA:2,999,1,0
BRDA:2,1000,0,568
BRDA:2,1000,1,178
BRDA:2,1001,0,1
BRDA:2,1001,1,0
BRDA:2,1002,0,0
BRDA:2,1002,1,0
BRDA:2,1003,0,0
BRDA:2,1003,1,0
BRDA:2,1004,0,0
BRDA:2,1004,1,0
BRDA:2,1005,0,1
BRDA:2,1005,1,1
BRDA:2,1005,2,0
BRDA:2,1006,0,1
BRDA:2,1006,1,0
BRDA:2,1007,0,28
BRDA:2,1007,1,3
BRDA:2,1008,0,0
BRDA:2,1008,1,1
BRDA:2,1009,0,0
BRDA:2,1009,1,1
BRDA:2,1010,0,1
BRDA:2,1010,1,0
BRDA:2,1011,0,1
BRDA:2,1011,1,0
BRDA:2,1012,0,1
BRDA:2,1012,1,1
BRDA:2,1013,0,3
BRDA:2,1013,1,3
BRDA:2,1014,0,3
BRDA:2,1014,1,1
BRDA:2,1015,0,2
BRDA:2,1015,1,0
BRDA:2,1016,0,0
BRDA:2,1016,1,0
BRDA:2,1017,0,0
BRDA:2,1017,1,0
BRDA:2,1018,0,0
BRDA:2,1018,1,2
BRDA:2,1019,0,2
BRDA:2,1019,1,2
BRDA:2,1020,0,0
BRDA:2,1020,1,0
BRDA:2,1021,0,0
BRDA:2,1021,1,0
BRDA:2,1022,0,0
BRDA:2,1022,1,0
BRDA:2,1022,2,0
BRDA:2,1023,0,0
BRDA:2,1023,1,0
BRDA:2,1023,2,0
BRDA:2,1024,0,0
BRDA:2,1024,1,0
BRDA:2,1025,0,0
BRDA:2,1025,1,0
BRDA:2,1026,0,1
BRDA:2,1026,1,1
BRDA:2,1027,0,1
BRDA:2,1027,1,0
BRDA:2,1028,0,0
BRDA:2,1028,1,1
BRDA:2,1029,0,0
BRDA:2,1029,1,2
BRDA:2,1030,0,0
BRDA:2,1030,1,0
BRDA:2,1031,0,0
BRDA:2,1031,1,0
BRDA:2,1032,0,2
BRDA:2,1032,1,2
BRDA:2,1033,0,0
BRDA:2,1033,1,2
BRDA:2,1034,0,0
BRDA:2,1034,1,0
BRDA:2,1035,0,0
BRDA:2,1035,1,4
BRDA:2,1036,0,0
BRDA:2,1036,1,0
BRDA:2,1036,2,0
BRDA:2,1036,3,0
BRDA:2,1036,4,0
BRDA:2,1037,0,0
BRDA:2,1037,1,7
BRDA:2,1038,0,0
BRDA:2,1038,1,0
BRDA:2,1039,0,0
BRDA:2,1039,1,0
BRDA:2,1040,0,0
BRDA:2,1040,1,0
BRDA:2,1041,0,4
BRDA:2,1041,1,4
BRDA:2,1041,2,0
BRDA:2,1042,0,4
BRDA:2,1042,1,0
BRDA:2,1043,0,1
BRDA:2,1043,1,0
BRDA:2,1044,0,2
BRDA:2,1044,1,0
BRDA:2,1045,0,1
BRDA:2,1045,1,0
BRF:2371
BRH:535
end_of_record
TN:
SF:webapp\Component.js
FN:10,(anonymous_0)
FN:23,(anonymous_1)
FNF:2
FNH:2
FNDA:1,(anonymous_0)
FNDA:1,(anonymous_1)
DA:5,1
DA:13,1
DA:25,1
DA:28,1
DA:31,1
LF:5
LH:5
BRF:0
BRH:0
end_of_record
TN:
SF:webapp\controller\App.controller.js
FN:5,(anonymous_0)
FN:9,(anonymous_1)
FNF:2
FNH:2
FNDA:1,(anonymous_0)
FNDA:1,(anonymous_1)
DA:1,1
DA:8,1
LF:2
LH:2
BRF:0
BRH:0
end_of_record
TN:
SF:webapp\controller\main.controller.js
FN:7,(anonymous_0)
FN:11,(anonymous_1)
FNF:2
FNH:2
FNDA:2,(anonymous_0)
FNDA:2,(anonymous_1)
DA:1,2
DA:10,2
LF:2
LH:2
BRF:0
BRH:0
end_of_record
TN:
SF:webapp\model\models.js
FN:13,(anonymous_0)
FN:17,(anonymous_1)
FNF:2
FNH:2
FNDA:1,(anonymous_0)
FNDA:1,(anonymous_1)
DA:1,1
DA:16,1
DA:18,1
DA:19,1
DA:20,1
LF:5
LH:5
BRF:0
BRH:0
end_of_record
TN:
SF:webapp\test\integration\AllJourneys.js
FN:5,(anonymous_0)
FNF:1
FNH:1
FNDA:1,(anonymous_0)
DA:1,1
DA:8,1
LF:2
LH:2
BRF:0
BRH:0
end_of_record
TN:
SF:webapp\test\integration\NavigationJourney.js
FN:7,(anonymous_0)
FN:12,(anonymous_1)
FNF:2
FNH:2
FNDA:1,(anonymous_0)
FNDA:1,(anonymous_1)
DA:3,1
DA:10,1
DA:12,1
DA:14,1
DA:17,1
DA:18,1
DA:21,1
LF:7
LH:7
BRF:0
BRH:0
end_of_record
TN:
SF:webapp\test\integration\opaTests.qunit.js
FN:4,(anonymous_0)
FNF:1
FNH:1
FNDA:1,(anonymous_0)
DA:3,1
DA:5,1
DA:6,1
LF:3
LH:3
BRF:0
BRH:0
end_of_record
TN:
SF:webapp\test\integration\arrangements\Startup.js
FN:3,(anonymous_0)
FN:8,(anonymous_1)
FNF:2
FNH:2
FNDA:1,(anonymous_0)
FNDA:1,(anonymous_1)
DA:1,1
DA:6,1
DA:9,1
DA:12,1
DA:15,1
LF:5
LH:5
BRDA:9,0,0,1
BRDA:9,0,1,1
BRDA:12,1,0,1
BRDA:12,1,1,1
BRF:4
BRH:4
end_of_record
TN:
SF:webapp\test\integration\pages\App.js
FN:3,(anonymous_0)
FN:14,(anonymous_1)
FN:18,(anonymous_2)
FNF:3
FNH:3
FNDA:1,(anonymous_0)
FNDA:1,(anonymous_1)
FNDA:1,(anonymous_2)
DA:1,1
DA:5,1
DA:7,1
DA:15,1
DA:19,1
LF:5
LH:5
BRF:0
BRH:0
end_of_record
TN:
SF:webapp\test\integration\pages\main.js
FN:3,(anonymous_0)
FN:14,(anonymous_1)
FN:18,(anonymous_2)
FNF:3
FNH:3
FNDA:1,(anonymous_0)
FNDA:1,(anonymous_1)
FNDA:1,(anonymous_2)
DA:1,1
DA:5,1
DA:7,1
DA:15,1
DA:19,1
LF:5
LH:5
BRF:0
BRH:0
end_of_record
TN:
SF:webapp\test\unit\AllTests.js
FN:3,(anonymous_0)
FNF:1
FNH:1
FNDA:1,(anonymous_0)
DA:1,1
LF:1
LH:1
BRF:0
BRH:0
end_of_record
TN:
SF:webapp\test\unit\unitTests.qunit.js
FN:4,(anonymous_0)
FN:9,(anonymous_1)
FNF:2
FNH:2
FNDA:1,(anonymous_0)
FNDA:1,(anonymous_1)
DA:2,1
DA:4,1
DA:7,1
DA:10,1
LF:4
LH:4
BRF:0
BRH:0
end_of_record
TN:
SF:webapp\test\unit\controller\main.controller.js
FN:5,(anonymous_0)
FN:10,(anonymous_1)
FN:16,(anonymous_2)
FN:22,(anonymous_3)
FNF:4
FNH:4
FNDA:1,(anonymous_0)
FNDA:1,(anonymous_1)
FNDA:1,(anonymous_2)
FNDA:1,(anonymous_3)
DA:3,1
DA:8,1
DA:10,1
DA:11,1
DA:12,1
DA:13,1
DA:16,1
DA:17,1
DA:18,1
DA:19,1
DA:22,1
DA:23,1
LF:12
LH:12
BRF:0
BRH:0
end_of_record
